[2025-08-05 09:29:48] 📋 이전 상태 로드 완료
[2025-08-05 09:29:48] 🧠 스마트 상태 판단 시스템 초기화 완료
[2025-08-05 09:29:48] 🔄 개별 모니터링 비활성화 - 통합 리포트 시스템으로 전환됨
[2025-08-06 09:48:10] 📋 이전 상태 로드 완료
[2025-08-06 09:48:10] 🧠 스마트 상태 판단 시스템 초기화 완료
[2025-08-06 09:48:10] 🔄 개별 모니터링 비활성화 - 통합 리포트 시스템으로 전환됨
[2025-08-06 09:49:16] 📋 이전 상태 로드 완료
[2025-08-06 09:49:16] 🧠 스마트 상태 판단 시스템 초기화 완료
[2025-08-06 09:49:16] 🔄 개별 모니터링 비활성화 - 통합 리포트 시스템으로 전환됨
[2025-08-06 09:49:31] 📋 이전 상태 로드 완료
[2025-08-06 09:49:31] 🧠 스마트 상태 판단 시스템 초기화 완료
[2025-08-06 09:49:31] 🔄 개별 모니터링 비활성화 - 통합 리포트 시스템으로 전환됨
[2025-08-06 09:50:34] 📋 이전 상태 로드 완료
[2025-08-06 09:50:34] 🧠 스마트 상태 판단 시스템 초기화 완료
[2025-08-06 09:50:34] 🔄 개별 모니터링 비활성화 - 통합 리포트 시스템으로 전환됨
[2025-08-06 09:51:36] 📋 이전 상태 로드 완료
[2025-08-06 09:51:36] 🧠 스마트 상태 판단 시스템 초기화 완료
[2025-08-06 09:51:36] 🔄 개별 모니터링 비활성화 - 통합 리포트 시스템으로 전환됨
[2025-08-06 09:51:37] 📊 통합 리포트 스케줄러 초기화 완료
[2025-08-06 09:51:37] ⚠️ 마스터 모니터링 시스템 비활성화 (모듈 없음)
[2025-08-06 09:52:02] 📋 이전 상태 로드 완료
[2025-08-06 09:52:02] 🧠 스마트 상태 판단 시스템 초기화 완료
[2025-08-06 09:52:02] 🔄 개별 모니터링 비활성화 - 통합 리포트 시스템으로 전환됨
[2025-08-06 09:52:02] 📊 통합 리포트 스케줄러 초기화 완료
[2025-08-06 09:52:02] ⚠️ 마스터 모니터링 시스템 비활성화 (모듈 없음)
[2025-08-06 09:52:02] POSCO 뉴스 모니터 워치햄스터 시작
[2025-08-06 09:52:02] ✅ 알림 전송 성공: POSCO 뉴스 모니터 워치햄스터 시작
[2025-08-06 09:52:59] 📋 이전 상태 로드 완료
[2025-08-06 09:52:59] 🧠 스마트 상태 판단 시스템 초기화 완료
[2025-08-06 09:52:59] 🔄 개별 모니터링 비활성화 - 통합 리포트 시스템으로 전환됨
[2025-08-06 09:52:59] 📊 통합 리포트 스케줄러 초기화 완료
[2025-08-06 09:52:59] ⚠️ 마스터 모니터링 시스템 비활성화 (모듈 없음)
[2025-08-06 09:52:59] POSCO 뉴스 모니터 워치햄스터 시작
[2025-08-06 09:52:59] ✅ 알림 전송 성공: POSCO 뉴스 모니터 워치햄스터 시작
[2025-08-06 09:52:59] 🔄 모니터링 시스템 초기화 중...
[2025-08-06 09:53:03] ⚠️ 모니터링 시스템 부분 초기화 - 일부 모니터 실패
[2025-08-06 09:53:03] ⚠️ 모니터 헬스 체크: 0/4 정상
[2025-08-06 09:53:03] ✅ 알림 전송 성공: POSCO 모니터 상태 불량
[2025-08-06 09:53:03] ✅ 상태 저장 완료
[2025-08-06 09:58:03] ⚠️ 모니터 헬스 체크: 0/4 정상
[2025-08-06 09:58:03] ✅ 알림 전송 성공: POSCO 모니터 상태 불량
[2025-08-06 09:58:03] ✅ 상태 저장 완료
[2025-08-06 10:03:03] ⚠️ 모니터 헬스 체크: 0/4 정상
[2025-08-06 10:03:03] ✅ 알림 전송 성공: POSCO 모니터 상태 불량
[2025-08-06 10:03:03] ✅ 상태 저장 완료
[2025-08-06 10:08:03] ⚠️ 모니터 헬스 체크: 0/4 정상
[2025-08-06 10:08:03] ✅ 알림 전송 성공: POSCO 모니터 상태 불량
[2025-08-06 10:08:03] ✅ 상태 저장 완료
[2025-08-06 10:13:04] ⚠️ 모니터 헬스 체크: 0/4 정상
[2025-08-06 10:13:04] ✅ 알림 전송 성공: POSCO 모니터 상태 불량
[2025-08-06 10:13:04] ✅ 상태 저장 완료
[2025-08-06 10:18:04] ⚠️ 모니터 헬스 체크: 0/4 정상
[2025-08-06 10:18:04] ✅ 알림 전송 성공: POSCO 모니터 상태 불량
[2025-08-06 10:18:04] ✅ 상태 저장 완료
[2025-08-06 10:23:04] ⚠️ 모니터 헬스 체크: 0/4 정상
[2025-08-06 10:23:04] ✅ 알림 전송 성공: POSCO 모니터 상태 불량
[2025-08-06 10:23:04] ✅ 상태 저장 완료
[2025-08-06 10:28:04] ⚠️ 모니터 헬스 체크: 0/4 정상
[2025-08-06 10:28:04] ✅ 알림 전송 성공: POSCO 모니터 상태 불량
[2025-08-06 10:28:04] ✅ 상태 저장 완료
[2025-08-06 10:33:04] ⚠️ 모니터 헬스 체크: 0/4 정상
[2025-08-06 10:33:04] ✅ 알림 전송 성공: POSCO 모니터 상태 불량
[2025-08-06 10:33:04] ✅ 상태 저장 완료
[2025-08-06 10:38:04] ⚠️ 모니터 헬스 체크: 0/4 정상
[2025-08-06 10:38:04] ✅ 알림 전송 성공: POSCO 모니터 상태 불량
[2025-08-06 10:38:04] ✅ 상태 저장 완료
[2025-08-06 10:43:05] ⚠️ 모니터 헬스 체크: 0/4 정상
[2025-08-06 10:43:05] ✅ 알림 전송 성공: POSCO 모니터 상태 불량
[2025-08-06 10:43:05] ✅ 상태 저장 완료
[2025-08-06 10:48:05] ⚠️ 모니터 헬스 체크: 0/4 정상
[2025-08-06 10:48:05] ✅ 알림 전송 성공: POSCO 모니터 상태 불량
[2025-08-06 10:48:05] ✅ 상태 저장 완료
[2025-08-06 10:53:05] ⚠️ 모니터 헬스 체크: 0/4 정상
[2025-08-06 10:53:05] ✅ 알림 전송 성공: POSCO 모니터 상태 불량
[2025-08-06 10:53:05] ✅ 상태 저장 완료
[2025-08-06 10:58:05] ⚠️ 모니터 헬스 체크: 0/4 정상
[2025-08-06 10:58:05] ✅ 알림 전송 성공: POSCO 모니터 상태 불량
[2025-08-06 10:58:05] ✅ 상태 저장 완료
[2025-08-06 11:03:05] ⚠️ 모니터 헬스 체크: 0/4 정상
[2025-08-06 11:03:05] ✅ 알림 전송 성공: POSCO 모니터 상태 불량
[2025-08-06 11:03:05] ✅ 상태 저장 완료
[2025-08-06 11:08:05] ⚠️ 모니터 헬스 체크: 0/4 정상
[2025-08-06 11:08:05] ✅ 알림 전송 성공: POSCO 모니터 상태 불량
[2025-08-06 11:08:05] ✅ 상태 저장 완료
[2025-08-06 11:13:05] ⚠️ 모니터 헬스 체크: 0/4 정상
[2025-08-06 11:13:05] ✅ 알림 전송 성공: POSCO 모니터 상태 불량
[2025-08-06 11:13:05] ✅ 상태 저장 완료
[2025-08-06 11:18:06] ⚠️ 모니터 헬스 체크: 0/4 정상
[2025-08-06 11:18:06] ✅ 알림 전송 성공: POSCO 모니터 상태 불량
[2025-08-06 11:18:06] ✅ 상태 저장 완료
[2025-08-06 11:23:06] ⚠️ 모니터 헬스 체크: 0/4 정상
[2025-08-06 11:23:06] ✅ 알림 전송 성공: POSCO 모니터 상태 불량
[2025-08-06 11:23:06] ✅ 상태 저장 완료
[2025-08-06 11:28:06] ⚠️ 모니터 헬스 체크: 0/4 정상
[2025-08-06 11:28:06] ✅ 알림 전송 성공: POSCO 모니터 상태 불량
[2025-08-06 11:28:06] ✅ 상태 저장 완료
