[2025-08-06 09:56:27] 🐹 POSCO 간단 뉴스 모니터 시작
[2025-08-06 09:56:27] ✅ 알림 전송 성공: POSCO 뉴스 모니터 시작

시작 시간: 2025-08-06 09:56:27
모니터링 모...
[2025-08-06 09:56:27] 🚀 실시간 뉴스 모니터 시작 중...
[2025-08-06 09:56:30] ❌ 실시간 뉴스 모니터 시작 실패
[2025-08-06 09:56:30] ✅ 알림 전송 성공: POSCO 뉴스 모니터 시작 실패

시간: 2025-08-06 09:56:30
오류: 실시...
[2025-08-06 10:01:30] ⚠️ 실시간 뉴스 모니터 중단됨 - 재시작 시도
[2025-08-06 10:01:30] 🚀 실시간 뉴스 모니터 시작 중...
[2025-08-06 10:01:33] ❌ 실시간 뉴스 모니터 시작 실패
[2025-08-06 10:01:33] ✅ 알림 전송 성공: POSCO 뉴스 모니터 복구 실패

시간: 2025-08-06 10:01:30
오류: 실시...
[2025-08-06 10:13:09] 🐹 POSCO 간단 뉴스 모니터 시작
[2025-08-06 10:13:09] ✅ 알림 전송 성공: POSCO 뉴스 모니터 시작

시작 시간: 2025-08-06 10:13:09
모니터링 모...
[2025-08-06 10:13:09] 🚀 실시간 뉴스 모니터 시작 중...
[2025-08-06 10:13:12] ❌ 실시간 뉴스 모니터 시작 실패
[2025-08-06 10:13:12] ⚠️ 실시간 모니터 시작 실패 - 기본 모니터링 모드로 계속 진행
[2025-08-06 10:16:57] 🐹 POSCO 간단 뉴스 모니터 시작
[2025-08-06 10:16:58] ✅ 알림 전송 성공: POSCO 뉴스 모니터 시작

시작 시간: 2025-08-06 10:16:57
모니터링 모...
[2025-08-06 10:16:58] 🚀 실시간 뉴스 모니터 시작 중...
[2025-08-06 10:17:01] ❌ 실시간 뉴스 모니터 시작 실패
[2025-08-06 10:17:01] ⚠️ 실시간 모니터 시작 실패 - 기본 모니터링 모드로 계속 진행
[2025-08-06 10:22:01] ⚠️ 실시간 뉴스 모니터 중단됨
[2025-08-06 10:27:01] ⚠️ 실시간 뉴스 모니터 중단됨
[2025-08-06 10:32:01] ⚠️ 실시간 뉴스 모니터 중단됨
[2025-08-06 10:37:01] ⚠️ 실시간 뉴스 모니터 중단됨
[2025-08-06 10:42:01] ⚠️ 실시간 뉴스 모니터 중단됨
[2025-08-06 10:47:01] ⚠️ 실시간 뉴스 모니터 중단됨
[2025-08-06 10:52:01] ⚠️ 실시간 뉴스 모니터 중단됨
[2025-08-06 10:57:02] ⚠️ 실시간 뉴스 모니터 중단됨
[2025-08-06 11:02:02] ⚠️ 실시간 뉴스 모니터 중단됨
[2025-08-06 11:07:02] ⚠️ 실시간 뉴스 모니터 중단됨
[2025-08-06 11:12:02] ⚠️ 실시간 뉴스 모니터 중단됨
[2025-08-06 11:17:02] ⚠️ 실시간 뉴스 모니터 중단됨
[2025-08-06 11:22:02] ⚠️ 실시간 뉴스 모니터 중단됨
[2025-08-06 11:27:02] ⚠️ 실시간 뉴스 모니터 중단됨
[2025-08-06 11:32:02] ⚠️ 실시간 뉴스 모니터 중단됨
