[2025-08-05 09:32:41] 🐹 POSCO 워치햄스터 v2.0 초기화 완료
[2025-08-05 09:32:41] 🐹 POSCO 모니터 워치햄스터 🛡️ 시작
[2025-08-05 09:32:41] 📅 시작 시간: 2025-08-05 09:32:41
[2025-08-05 09:32:41] 🔍 프로세스 감시: 5분 간격
[2025-08-05 09:32:41] 🔄 Git 업데이트 체크: 60분 간격
[2025-08-05 09:32:41] 📊 정기 상태 알림: 120분 간격
[2025-08-05 09:32:41] 📅 스케줄 작업: 06:00, 06:10, 18:00, 18:10, 18:20, 07-17시 매시간
[2025-08-05 09:32:41] 🌙 조용한 모드: 18시 이후 문제 발생 시에만 알림
[2025-08-05 09:32:41] 🚀 자동 복구 기능 활성화
[2025-08-05 09:32:41] 📤 알림 전송 완료
[2025-08-05 09:32:41] 🚀 모니터링 프로세스 시작 중...
[2025-08-05 09:32:44] ✅ 모니터링 프로세스 시작 완료 (PID: 21669)
[2025-08-05 09:32:44] 🔄 Git 업데이트 확인 중...
[2025-08-05 09:32:44] ✅ 최신 버전입니다
[2025-08-05 09:32:45] 📤 알림 전송 완료
[2025-08-05 09:37:45] ⚠️ 모니터링 프로세스가 종료되었습니다. 재시작합니다...
[2025-08-05 09:37:45]    종료 코드: 0
[2025-08-05 09:37:45] 🚀 모니터링 프로세스 시작 중...
[2025-08-05 09:37:48] ✅ 모니터링 프로세스 시작 완료 (PID: 27475)
[2025-08-05 09:37:48] 📤 알림 전송 완료
[2025-08-05 09:42:48] ⚠️ 모니터링 프로세스가 종료되었습니다. 재시작합니다...
[2025-08-05 09:42:48]    종료 코드: 0
[2025-08-05 09:42:48] 🚀 모니터링 프로세스 시작 중...
[2025-08-05 09:42:51] ✅ 모니터링 프로세스 시작 완료 (PID: 33094)
[2025-08-05 09:42:52] 📤 알림 전송 완료
[2025-08-05 09:47:52] ⚠️ 모니터링 프로세스가 종료되었습니다. 재시작합니다...
[2025-08-05 09:47:52]    종료 코드: 0
[2025-08-05 09:47:52] 🚀 모니터링 프로세스 시작 중...
[2025-08-05 09:47:55] ✅ 모니터링 프로세스 시작 완료 (PID: 38670)
[2025-08-05 09:47:55] 📤 알림 전송 완료
[2025-08-05 09:51:24] 🛑 종료 신호 수신 (신호: 2)
[2025-08-05 09:51:51] 🛑 종료 신호 수신 (신호: 2)
[2025-08-05 09:51:53] 🛑 종료 신호 수신 (신호: 2)
[2025-08-05 09:51:53] 🛑 종료 신호 수신 (신호: 2)
[2025-08-05 09:51:55] 🛑 POSCO 워치햄스터 종료 중...
[2025-08-05 09:51:55] ✅ 모니터링 프로세스 정상 종료
[2025-08-05 09:51:55] 📤 알림 전송 완료
[2025-08-05 09:51:55] ✅ POSCO 워치햄스터 종료 완료
