[2025-08-11 13:22:36] [INFO] 호환성 검사 보고서 생성 시작...
[2025-08-11 13:22:36] [INFO] 함수명 충돌 검사 시작...
[2025-08-11 13:22:36] [WARNING] AST 파싱 실패, 정규식 방식으로 전환
[2025-08-11 13:22:36] [OK] 함수 호환성 확인: send_status_notification
[2025-08-11 13:22:36] [OK] 함수 호환성 확인: send_notification
[2025-08-11 13:22:36] [OK] 함수 호환성 확인: send_status_report_v2
[2025-08-11 13:22:36] [OK] 함수 호환성 확인: send_startup_notification_v2
[2025-08-11 13:22:36] [INFO] 함수 충돌 검사 완료: 1개 충돌 발견
[2025-08-11 13:22:36] [INFO] 변수명 충돌 검사 시작...
[2025-08-11 13:22:36] [OK] 변수 호환성 확인: DOORAY_WEBHOOK_URL
[2025-08-11 13:22:36] [OK] 변수 호환성 확인: WATCHHAMSTER_WEBHOOK_URL
[2025-08-11 13:22:36] [OK] 변수 호환성 확인: BOT_PROFILE_IMAGE_URL
[2025-08-11 13:22:36] [INFO] 변수 충돌 검사 완료: 1개 충돌 발견
[2025-08-11 13:22:36] [INFO] import 충돌 검사 시작...
[2025-08-11 13:22:36] [DUPLICATE] 중복 import 발견: importlib.util
[2025-08-11 13:22:36] [DUPLICATE] 중복 import 발견: importlib.util
[2025-08-11 13:22:36] [DUPLICATE] 중복 import 발견: importlib.util
[2025-08-11 13:22:36] [DUPLICATE] 중복 import 발견: importlib.util
[2025-08-11 13:22:36] [DUPLICATE] 중복 import 발견: importlib.util
[2025-08-11 13:22:36] [DUPLICATE] 중복 import 발견: traceback
[2025-08-11 13:22:36] [DUPLICATE] 중복 import 발견: psutil
[2025-08-11 13:22:36] [DUPLICATE] 중복 import 발견: psutil
[2025-08-11 13:22:36] [DUPLICATE] 중복 import 발견: importlib.util
[2025-08-11 13:22:36] [DUPLICATE] 중복 import 발견: psutil
[2025-08-11 13:22:36] [DUPLICATE] 중복 import 발견: psutil
[2025-08-11 13:22:36] [DUPLICATE] 중복 import 발견: psutil
[2025-08-11 13:22:36] [DUPLICATE] 중복 import 발견: traceback
[2025-08-11 13:22:36] [DUPLICATE] 중복 import 발견: psutil
[2025-08-11 13:22:36] [DUPLICATE] 중복 import 발견: psutil
[2025-08-11 13:22:36] [DUPLICATE] 중복 import 발견: subprocess
[2025-08-11 13:22:36] [INFO] import 충돌 검사 완료: 28개 충돌 발견
[2025-08-11 13:22:36] [INFO] 시스템 상호작용 호환성 검사 시작...
[2025-08-11 13:22:36] [WARNING] 컴포넌트 비활성화: ProcessManager
[2025-08-11 13:22:36] [WARNING] 컴포넌트 비활성화: StateManager
[2025-08-11 13:22:36] [WARNING] 컴포넌트 비활성화: ColorfulConsoleUI
[2025-08-11 13:22:36] [WARNING] 컴포넌트 비활성화: ModuleRegistry
[2025-08-11 13:22:36] [WARNING] 컴포넌트 비활성화: NotificationManager
[2025-08-11 13:22:36] [WARNING] 컴포넌트 비활성화: PerformanceMonitor
[2025-08-11 13:22:36] [WARNING] 컴포넌트 비활성화: PerformanceOptimizer
[2025-08-11 13:22:36] [WARNING] 컴포넌트 비활성화: IntegratedReportScheduler
[2025-08-11 13:22:36] [WARNING] 컴포넌트 비활성화: MasterNewsMonitor
[2025-08-11 13:22:36] [INFO] 시스템 상호작용 검사 완료: 11개 문제 발견
[2025-08-11 13:22:36] [SUCCESS] 호환성 보고서 생성 완료: compatibility_report_20250811_132236.md
[2025-08-11 13:24:55] [INFO] 함수명 충돌 검사 시작...
[2025-08-11 13:24:55] [WARNING] AST 파싱 실패, 정규식 방식으로 전환
[2025-08-11 13:24:55] [OK] 함수 호환성 확인: send_status_notification
[2025-08-11 13:24:55] [OK] 함수 호환성 확인: send_notification
[2025-08-11 13:24:55] [OK] 함수 호환성 확인: send_status_report_v2
[2025-08-11 13:24:55] [OK] 함수 호환성 확인: send_startup_notification_v2
[2025-08-11 13:24:55] [INFO] 함수 충돌 검사 완료: 1개 충돌 발견
[2025-08-11 13:24:55] [INFO] 변수명 충돌 검사 시작...
[2025-08-11 13:24:55] [OK] 변수 호환성 확인: DOORAY_WEBHOOK_URL
[2025-08-11 13:24:55] [OK] 변수 호환성 확인: WATCHHAMSTER_WEBHOOK_URL
[2025-08-11 13:24:55] [OK] 변수 호환성 확인: BOT_PROFILE_IMAGE_URL
[2025-08-11 13:24:55] [INFO] 변수 충돌 검사 완료: 1개 충돌 발견
[2025-08-11 13:24:55] [INFO] import 충돌 검사 시작...
[2025-08-11 13:24:55] [DUPLICATE] 중복 import 발견: importlib.util
[2025-08-11 13:24:55] [DUPLICATE] 중복 import 발견: importlib.util
[2025-08-11 13:24:55] [DUPLICATE] 중복 import 발견: importlib.util
[2025-08-11 13:24:55] [DUPLICATE] 중복 import 발견: importlib.util
[2025-08-11 13:24:55] [DUPLICATE] 중복 import 발견: importlib.util
[2025-08-11 13:24:55] [DUPLICATE] 중복 import 발견: traceback
[2025-08-11 13:24:55] [DUPLICATE] 중복 import 발견: psutil
[2025-08-11 13:24:55] [DUPLICATE] 중복 import 발견: psutil
[2025-08-11 13:24:55] [DUPLICATE] 중복 import 발견: importlib.util
[2025-08-11 13:24:55] [DUPLICATE] 중복 import 발견: psutil
[2025-08-11 13:24:55] [DUPLICATE] 중복 import 발견: psutil
[2025-08-11 13:24:55] [DUPLICATE] 중복 import 발견: psutil
[2025-08-11 13:24:55] [DUPLICATE] 중복 import 발견: traceback
[2025-08-11 13:24:55] [DUPLICATE] 중복 import 발견: psutil
[2025-08-11 13:24:55] [DUPLICATE] 중복 import 발견: psutil
[2025-08-11 13:24:55] [DUPLICATE] 중복 import 발견: subprocess
[2025-08-11 13:24:55] [INFO] import 충돌 검사 완료: 28개 충돌 발견
[2025-08-11 13:24:55] [INFO] 시스템 상호작용 호환성 검사 시작...
[2025-08-11 13:24:55] [WARNING] 컴포넌트 비활성화: ProcessManager
[2025-08-11 13:24:55] [WARNING] 컴포넌트 비활성화: StateManager
[2025-08-11 13:24:55] [WARNING] 컴포넌트 비활성화: ColorfulConsoleUI
[2025-08-11 13:24:55] [WARNING] 컴포넌트 비활성화: ModuleRegistry
[2025-08-11 13:24:55] [WARNING] 컴포넌트 비활성화: NotificationManager
[2025-08-11 13:24:55] [WARNING] 컴포넌트 비활성화: PerformanceMonitor
[2025-08-11 13:24:55] [WARNING] 컴포넌트 비활성화: PerformanceOptimizer
[2025-08-11 13:24:55] [WARNING] 컴포넌트 비활성화: IntegratedReportScheduler
[2025-08-11 13:24:55] [WARNING] 컴포넌트 비활성화: MasterNewsMonitor
[2025-08-11 13:24:55] [INFO] 시스템 상호작용 검사 완료: 11개 문제 발견
[2025-08-11 13:24:55] [INFO] 호환성 검사 보고서 생성 시작...
[2025-08-11 13:24:55] [INFO] 함수명 충돌 검사 시작...
[2025-08-11 13:24:55] [WARNING] AST 파싱 실패, 정규식 방식으로 전환
[2025-08-11 13:24:55] [OK] 함수 호환성 확인: send_status_notification
[2025-08-11 13:24:55] [OK] 함수 호환성 확인: send_notification
[2025-08-11 13:24:55] [OK] 함수 호환성 확인: send_status_report_v2
[2025-08-11 13:24:55] [OK] 함수 호환성 확인: send_startup_notification_v2
[2025-08-11 13:24:55] [INFO] 함수 충돌 검사 완료: 1개 충돌 발견
[2025-08-11 13:24:55] [INFO] 변수명 충돌 검사 시작...
[2025-08-11 13:24:55] [OK] 변수 호환성 확인: DOORAY_WEBHOOK_URL
[2025-08-11 13:24:55] [OK] 변수 호환성 확인: WATCHHAMSTER_WEBHOOK_URL
[2025-08-11 13:24:55] [OK] 변수 호환성 확인: BOT_PROFILE_IMAGE_URL
[2025-08-11 13:24:55] [INFO] 변수 충돌 검사 완료: 1개 충돌 발견
[2025-08-11 13:24:55] [INFO] import 충돌 검사 시작...
[2025-08-11 13:24:55] [DUPLICATE] 중복 import 발견: importlib.util
[2025-08-11 13:24:55] [DUPLICATE] 중복 import 발견: importlib.util
[2025-08-11 13:24:55] [DUPLICATE] 중복 import 발견: importlib.util
[2025-08-11 13:24:55] [DUPLICATE] 중복 import 발견: importlib.util
[2025-08-11 13:24:55] [DUPLICATE] 중복 import 발견: importlib.util
[2025-08-11 13:24:55] [DUPLICATE] 중복 import 발견: traceback
[2025-08-11 13:24:55] [DUPLICATE] 중복 import 발견: psutil
[2025-08-11 13:24:55] [DUPLICATE] 중복 import 발견: psutil
[2025-08-11 13:24:55] [DUPLICATE] 중복 import 발견: importlib.util
[2025-08-11 13:24:55] [DUPLICATE] 중복 import 발견: psutil
[2025-08-11 13:24:55] [DUPLICATE] 중복 import 발견: psutil
[2025-08-11 13:24:55] [DUPLICATE] 중복 import 발견: psutil
[2025-08-11 13:24:55] [DUPLICATE] 중복 import 발견: traceback
[2025-08-11 13:24:55] [DUPLICATE] 중복 import 발견: psutil
[2025-08-11 13:24:55] [DUPLICATE] 중복 import 발견: psutil
[2025-08-11 13:24:55] [DUPLICATE] 중복 import 발견: subprocess
[2025-08-11 13:24:55] [INFO] import 충돌 검사 완료: 28개 충돌 발견
[2025-08-11 13:24:55] [INFO] 시스템 상호작용 호환성 검사 시작...
[2025-08-11 13:24:55] [WARNING] 컴포넌트 비활성화: ProcessManager
[2025-08-11 13:24:55] [WARNING] 컴포넌트 비활성화: StateManager
[2025-08-11 13:24:55] [WARNING] 컴포넌트 비활성화: ColorfulConsoleUI
[2025-08-11 13:24:55] [WARNING] 컴포넌트 비활성화: ModuleRegistry
[2025-08-11 13:24:55] [WARNING] 컴포넌트 비활성화: NotificationManager
[2025-08-11 13:24:55] [WARNING] 컴포넌트 비활성화: PerformanceMonitor
[2025-08-11 13:24:55] [WARNING] 컴포넌트 비활성화: PerformanceOptimizer
[2025-08-11 13:24:55] [WARNING] 컴포넌트 비활성화: IntegratedReportScheduler
[2025-08-11 13:24:55] [WARNING] 컴포넌트 비활성화: MasterNewsMonitor
[2025-08-11 13:24:55] [INFO] 시스템 상호작용 검사 완료: 11개 문제 발견
[2025-08-11 13:24:55] [SUCCESS] 호환성 보고서 생성 완료: compatibility_report_20250811_132455.md
[2025-08-11 13:25:23] [INFO] 함수명 충돌 검사 시작...
[2025-08-11 13:25:23] [WARNING] AST 파싱 실패, 정규식 방식으로 전환
[2025-08-11 13:25:23] [OK] 함수 호환성 확인: send_status_notification
[2025-08-11 13:25:23] [OK] 함수 호환성 확인: send_notification
[2025-08-11 13:25:23] [OK] 함수 호환성 확인: send_status_report_v2
[2025-08-11 13:25:23] [OK] 함수 호환성 확인: send_startup_notification_v2
[2025-08-11 13:25:23] [INFO] 함수 충돌 검사 완료: 1개 충돌 발견
[2025-08-11 13:25:23] [INFO] 변수명 충돌 검사 시작...
[2025-08-11 13:25:23] [OK] 변수 호환성 확인: DOORAY_WEBHOOK_URL
[2025-08-11 13:25:23] [OK] 변수 호환성 확인: WATCHHAMSTER_WEBHOOK_URL
[2025-08-11 13:25:23] [OK] 변수 호환성 확인: BOT_PROFILE_IMAGE_URL
[2025-08-11 13:25:23] [INFO] 변수 충돌 검사 완료: 1개 충돌 발견
[2025-08-11 13:25:23] [INFO] import 충돌 검사 시작...
[2025-08-11 13:25:23] [DUPLICATE] 중복 import 발견: importlib.util
[2025-08-11 13:25:23] [DUPLICATE] 중복 import 발견: importlib.util
[2025-08-11 13:25:23] [DUPLICATE] 중복 import 발견: importlib.util
[2025-08-11 13:25:23] [DUPLICATE] 중복 import 발견: importlib.util
[2025-08-11 13:25:23] [DUPLICATE] 중복 import 발견: importlib.util
[2025-08-11 13:25:23] [DUPLICATE] 중복 import 발견: traceback
[2025-08-11 13:25:23] [DUPLICATE] 중복 import 발견: psutil
[2025-08-11 13:25:23] [DUPLICATE] 중복 import 발견: psutil
[2025-08-11 13:25:23] [DUPLICATE] 중복 import 발견: importlib.util
[2025-08-11 13:25:23] [DUPLICATE] 중복 import 발견: psutil
[2025-08-11 13:25:23] [DUPLICATE] 중복 import 발견: psutil
[2025-08-11 13:25:23] [DUPLICATE] 중복 import 발견: psutil
[2025-08-11 13:25:23] [DUPLICATE] 중복 import 발견: traceback
[2025-08-11 13:25:23] [DUPLICATE] 중복 import 발견: psutil
[2025-08-11 13:25:23] [DUPLICATE] 중복 import 발견: psutil
[2025-08-11 13:25:23] [DUPLICATE] 중복 import 발견: subprocess
[2025-08-11 13:25:23] [INFO] import 충돌 검사 완료: 28개 충돌 발견
[2025-08-11 13:25:23] [INFO] 시스템 상호작용 호환성 검사 시작...
[2025-08-11 13:25:23] [WARNING] 컴포넌트 비활성화: ProcessManager
[2025-08-11 13:25:23] [WARNING] 컴포넌트 비활성화: StateManager
[2025-08-11 13:25:23] [WARNING] 컴포넌트 비활성화: ColorfulConsoleUI
[2025-08-11 13:25:23] [WARNING] 컴포넌트 비활성화: ModuleRegistry
[2025-08-11 13:25:23] [WARNING] 컴포넌트 비활성화: NotificationManager
[2025-08-11 13:25:23] [WARNING] 컴포넌트 비활성화: PerformanceMonitor
[2025-08-11 13:25:23] [WARNING] 컴포넌트 비활성화: PerformanceOptimizer
[2025-08-11 13:25:23] [WARNING] 컴포넌트 비활성화: IntegratedReportScheduler
[2025-08-11 13:25:23] [WARNING] 컴포넌트 비활성화: MasterNewsMonitor
[2025-08-11 13:25:23] [INFO] 시스템 상호작용 검사 완료: 11개 문제 발견
[2025-08-11 13:25:23] [INFO] 호환성 검사 보고서 생성 시작...
[2025-08-11 13:25:23] [INFO] 함수명 충돌 검사 시작...
[2025-08-11 13:25:23] [WARNING] AST 파싱 실패, 정규식 방식으로 전환
[2025-08-11 13:25:23] [OK] 함수 호환성 확인: send_status_notification
[2025-08-11 13:25:23] [OK] 함수 호환성 확인: send_notification
[2025-08-11 13:25:23] [OK] 함수 호환성 확인: send_status_report_v2
[2025-08-11 13:25:23] [OK] 함수 호환성 확인: send_startup_notification_v2
[2025-08-11 13:25:23] [INFO] 함수 충돌 검사 완료: 1개 충돌 발견
[2025-08-11 13:25:23] [INFO] 변수명 충돌 검사 시작...
[2025-08-11 13:25:24] [OK] 변수 호환성 확인: DOORAY_WEBHOOK_URL
[2025-08-11 13:25:24] [OK] 변수 호환성 확인: WATCHHAMSTER_WEBHOOK_URL
[2025-08-11 13:25:24] [OK] 변수 호환성 확인: BOT_PROFILE_IMAGE_URL
[2025-08-11 13:25:24] [INFO] 변수 충돌 검사 완료: 1개 충돌 발견
[2025-08-11 13:25:24] [INFO] import 충돌 검사 시작...
[2025-08-11 13:25:24] [DUPLICATE] 중복 import 발견: importlib.util
[2025-08-11 13:25:24] [DUPLICATE] 중복 import 발견: importlib.util
[2025-08-11 13:25:24] [DUPLICATE] 중복 import 발견: importlib.util
[2025-08-11 13:25:24] [DUPLICATE] 중복 import 발견: importlib.util
[2025-08-11 13:25:24] [DUPLICATE] 중복 import 발견: importlib.util
[2025-08-11 13:25:24] [DUPLICATE] 중복 import 발견: traceback
[2025-08-11 13:25:24] [DUPLICATE] 중복 import 발견: psutil
[2025-08-11 13:25:24] [DUPLICATE] 중복 import 발견: psutil
[2025-08-11 13:25:24] [DUPLICATE] 중복 import 발견: importlib.util
[2025-08-11 13:25:24] [DUPLICATE] 중복 import 발견: psutil
[2025-08-11 13:25:24] [DUPLICATE] 중복 import 발견: psutil
[2025-08-11 13:25:24] [DUPLICATE] 중복 import 발견: psutil
[2025-08-11 13:25:24] [DUPLICATE] 중복 import 발견: traceback
[2025-08-11 13:25:24] [DUPLICATE] 중복 import 발견: psutil
[2025-08-11 13:25:24] [DUPLICATE] 중복 import 발견: psutil
[2025-08-11 13:25:24] [DUPLICATE] 중복 import 발견: subprocess
[2025-08-11 13:25:24] [INFO] import 충돌 검사 완료: 28개 충돌 발견
[2025-08-11 13:25:24] [INFO] 시스템 상호작용 호환성 검사 시작...
[2025-08-11 13:25:24] [WARNING] 컴포넌트 비활성화: ProcessManager
[2025-08-11 13:25:24] [WARNING] 컴포넌트 비활성화: StateManager
[2025-08-11 13:25:24] [WARNING] 컴포넌트 비활성화: ColorfulConsoleUI
[2025-08-11 13:25:24] [WARNING] 컴포넌트 비활성화: ModuleRegistry
[2025-08-11 13:25:24] [WARNING] 컴포넌트 비활성화: NotificationManager
[2025-08-11 13:25:24] [WARNING] 컴포넌트 비활성화: PerformanceMonitor
[2025-08-11 13:25:24] [WARNING] 컴포넌트 비활성화: PerformanceOptimizer
[2025-08-11 13:25:24] [WARNING] 컴포넌트 비활성화: IntegratedReportScheduler
[2025-08-11 13:25:24] [WARNING] 컴포넌트 비활성화: MasterNewsMonitor
[2025-08-11 13:25:24] [INFO] 시스템 상호작용 검사 완료: 11개 문제 발견
[2025-08-11 13:25:24] [SUCCESS] 호환성 보고서 생성 완료: compatibility_report_20250811_132524.md
[2025-08-11 13:26:03] [INFO] 함수명 충돌 검사 시작...
[2025-08-11 13:26:03] [WARNING] AST 파싱 실패, 정규식 방식으로 전환
[2025-08-11 13:26:03] [OK] 함수 호환성 확인: send_status_notification
[2025-08-11 13:26:03] [OK] 함수 호환성 확인: send_notification
[2025-08-11 13:26:03] [OK] 함수 호환성 확인: send_status_report_v2
[2025-08-11 13:26:03] [OK] 함수 호환성 확인: send_startup_notification_v2
[2025-08-11 13:26:03] [INFO] 함수 충돌 검사 완료: 1개 충돌 발견
[2025-08-11 13:26:03] [INFO] 변수명 충돌 검사 시작...
[2025-08-11 13:26:03] [OK] 변수 호환성 확인: DOORAY_WEBHOOK_URL
[2025-08-11 13:26:03] [OK] 변수 호환성 확인: WATCHHAMSTER_WEBHOOK_URL
[2025-08-11 13:26:03] [OK] 변수 호환성 확인: BOT_PROFILE_IMAGE_URL
[2025-08-11 13:26:03] [INFO] 변수 충돌 검사 완료: 1개 충돌 발견
[2025-08-11 13:26:03] [INFO] import 충돌 검사 시작...
[2025-08-11 13:26:03] [DUPLICATE] 중복 import 발견: importlib.util
[2025-08-11 13:26:03] [DUPLICATE] 중복 import 발견: importlib.util
[2025-08-11 13:26:03] [DUPLICATE] 중복 import 발견: importlib.util
[2025-08-11 13:26:03] [DUPLICATE] 중복 import 발견: importlib.util
[2025-08-11 13:26:03] [DUPLICATE] 중복 import 발견: importlib.util
[2025-08-11 13:26:03] [DUPLICATE] 중복 import 발견: traceback
[2025-08-11 13:26:03] [DUPLICATE] 중복 import 발견: psutil
[2025-08-11 13:26:03] [DUPLICATE] 중복 import 발견: psutil
[2025-08-11 13:26:03] [DUPLICATE] 중복 import 발견: importlib.util
[2025-08-11 13:26:03] [DUPLICATE] 중복 import 발견: psutil
[2025-08-11 13:26:03] [DUPLICATE] 중복 import 발견: psutil
[2025-08-11 13:26:03] [DUPLICATE] 중복 import 발견: psutil
[2025-08-11 13:26:03] [DUPLICATE] 중복 import 발견: traceback
[2025-08-11 13:26:03] [DUPLICATE] 중복 import 발견: psutil
[2025-08-11 13:26:03] [DUPLICATE] 중복 import 발견: psutil
[2025-08-11 13:26:03] [DUPLICATE] 중복 import 발견: subprocess
[2025-08-11 13:26:03] [INFO] import 충돌 검사 완료: 28개 충돌 발견
[2025-08-11 13:27:53] [INFO] 함수명 충돌 검사 시작...
[2025-08-11 13:27:53] [WARNING] AST 파싱 실패, 정규식 방식으로 전환
[2025-08-11 13:27:53] [OK] 함수 호환성 확인: send_status_notification
[2025-08-11 13:27:53] [OK] 함수 호환성 확인: send_notification
[2025-08-11 13:27:53] [OK] 함수 호환성 확인: send_status_report_v2
[2025-08-11 13:27:53] [OK] 함수 호환성 확인: send_startup_notification_v2
[2025-08-11 13:27:53] [INFO] 함수 충돌 검사 완료: 1개 충돌 발견
[2025-08-11 13:27:53] [INFO] 변수명 충돌 검사 시작...
[2025-08-11 13:27:53] [OK] 변수 호환성 확인: DOORAY_WEBHOOK_URL
[2025-08-11 13:27:53] [OK] 변수 호환성 확인: WATCHHAMSTER_WEBHOOK_URL
[2025-08-11 13:27:53] [OK] 변수 호환성 확인: BOT_PROFILE_IMAGE_URL
[2025-08-11 13:27:53] [INFO] 변수 충돌 검사 완료: 1개 충돌 발견
[2025-08-11 13:27:53] [INFO] import 충돌 검사 시작...
[2025-08-11 13:27:53] [DUPLICATE] 중복 import 발견: importlib.util
[2025-08-11 13:27:53] [DUPLICATE] 중복 import 발견: importlib.util
[2025-08-11 13:27:53] [DUPLICATE] 중복 import 발견: importlib.util
[2025-08-11 13:27:53] [DUPLICATE] 중복 import 발견: importlib.util
[2025-08-11 13:27:53] [DUPLICATE] 중복 import 발견: importlib.util
[2025-08-11 13:27:53] [DUPLICATE] 중복 import 발견: traceback
[2025-08-11 13:27:53] [DUPLICATE] 중복 import 발견: psutil
[2025-08-11 13:27:53] [DUPLICATE] 중복 import 발견: psutil
[2025-08-11 13:27:53] [DUPLICATE] 중복 import 발견: importlib.util
[2025-08-11 13:27:53] [DUPLICATE] 중복 import 발견: psutil
[2025-08-11 13:27:53] [DUPLICATE] 중복 import 발견: psutil
[2025-08-11 13:27:53] [DUPLICATE] 중복 import 발견: psutil
[2025-08-11 13:27:53] [DUPLICATE] 중복 import 발견: traceback
[2025-08-11 13:27:53] [DUPLICATE] 중복 import 발견: psutil
[2025-08-11 13:27:53] [DUPLICATE] 중복 import 발견: psutil
[2025-08-11 13:27:53] [DUPLICATE] 중복 import 발견: subprocess
[2025-08-11 13:27:53] [INFO] import 충돌 검사 완료: 28개 충돌 발견
[2025-08-11 13:27:53] [INFO] 시스템 상호작용 호환성 검사 시작...
[2025-08-11 13:27:53] [WARNING] 컴포넌트 비활성화: ProcessManager
[2025-08-11 13:27:53] [WARNING] 컴포넌트 비활성화: StateManager
[2025-08-11 13:27:53] [WARNING] 컴포넌트 비활성화: ColorfulConsoleUI
[2025-08-11 13:27:53] [WARNING] 컴포넌트 비활성화: ModuleRegistry
[2025-08-11 13:27:53] [WARNING] 컴포넌트 비활성화: NotificationManager
[2025-08-11 13:27:53] [WARNING] 컴포넌트 비활성화: PerformanceMonitor
[2025-08-11 13:27:53] [WARNING] 컴포넌트 비활성화: PerformanceOptimizer
[2025-08-11 13:27:53] [WARNING] 컴포넌트 비활성화: IntegratedReportScheduler
[2025-08-11 13:27:53] [WARNING] 컴포넌트 비활성화: MasterNewsMonitor
[2025-08-11 13:27:53] [INFO] 시스템 상호작용 검사 완료: 11개 문제 발견
[2025-08-11 13:27:53] [INFO] 호환성 검사 보고서 생성 시작...
[2025-08-11 13:27:53] [INFO] 함수명 충돌 검사 시작...
[2025-08-11 13:27:53] [WARNING] AST 파싱 실패, 정규식 방식으로 전환
[2025-08-11 13:27:53] [OK] 함수 호환성 확인: send_status_notification
[2025-08-11 13:27:53] [OK] 함수 호환성 확인: send_notification
[2025-08-11 13:27:53] [OK] 함수 호환성 확인: send_status_report_v2
[2025-08-11 13:27:53] [OK] 함수 호환성 확인: send_startup_notification_v2
[2025-08-11 13:27:53] [INFO] 함수 충돌 검사 완료: 1개 충돌 발견
[2025-08-11 13:27:53] [INFO] 변수명 충돌 검사 시작...
[2025-08-11 13:27:53] [OK] 변수 호환성 확인: DOORAY_WEBHOOK_URL
[2025-08-11 13:27:53] [OK] 변수 호환성 확인: WATCHHAMSTER_WEBHOOK_URL
[2025-08-11 13:27:53] [OK] 변수 호환성 확인: BOT_PROFILE_IMAGE_URL
[2025-08-11 13:27:53] [INFO] 변수 충돌 검사 완료: 1개 충돌 발견
[2025-08-11 13:27:53] [INFO] import 충돌 검사 시작...
[2025-08-11 13:27:53] [DUPLICATE] 중복 import 발견: importlib.util
[2025-08-11 13:27:53] [DUPLICATE] 중복 import 발견: importlib.util
[2025-08-11 13:27:53] [DUPLICATE] 중복 import 발견: importlib.util
[2025-08-11 13:27:53] [DUPLICATE] 중복 import 발견: importlib.util
[2025-08-11 13:27:53] [DUPLICATE] 중복 import 발견: importlib.util
[2025-08-11 13:27:53] [DUPLICATE] 중복 import 발견: traceback
[2025-08-11 13:27:53] [DUPLICATE] 중복 import 발견: psutil
[2025-08-11 13:27:53] [DUPLICATE] 중복 import 발견: psutil
[2025-08-11 13:27:53] [DUPLICATE] 중복 import 발견: importlib.util
[2025-08-11 13:27:53] [DUPLICATE] 중복 import 발견: psutil
[2025-08-11 13:27:53] [DUPLICATE] 중복 import 발견: psutil
[2025-08-11 13:27:53] [DUPLICATE] 중복 import 발견: psutil
[2025-08-11 13:27:53] [DUPLICATE] 중복 import 발견: traceback
[2025-08-11 13:27:53] [DUPLICATE] 중복 import 발견: psutil
[2025-08-11 13:27:53] [DUPLICATE] 중복 import 발견: psutil
[2025-08-11 13:27:53] [DUPLICATE] 중복 import 발견: subprocess
[2025-08-11 13:27:53] [INFO] import 충돌 검사 완료: 28개 충돌 발견
[2025-08-11 13:27:53] [INFO] 시스템 상호작용 호환성 검사 시작...
[2025-08-11 13:27:53] [WARNING] 컴포넌트 비활성화: ProcessManager
[2025-08-11 13:27:53] [WARNING] 컴포넌트 비활성화: StateManager
[2025-08-11 13:27:53] [WARNING] 컴포넌트 비활성화: ColorfulConsoleUI
[2025-08-11 13:27:53] [WARNING] 컴포넌트 비활성화: ModuleRegistry
[2025-08-11 13:27:53] [WARNING] 컴포넌트 비활성화: NotificationManager
[2025-08-11 13:27:53] [WARNING] 컴포넌트 비활성화: PerformanceMonitor
[2025-08-11 13:27:53] [WARNING] 컴포넌트 비활성화: PerformanceOptimizer
[2025-08-11 13:27:53] [WARNING] 컴포넌트 비활성화: IntegratedReportScheduler
[2025-08-11 13:27:53] [WARNING] 컴포넌트 비활성화: MasterNewsMonitor
[2025-08-11 13:27:53] [INFO] 시스템 상호작용 검사 완료: 11개 문제 발견
[2025-08-11 13:27:53] [SUCCESS] 호환성 보고서 생성 완료: compatibility_report_20250811_132753.md
