[2025-08-10 20:50:58] [INFO] === Task 5: ν•µμ‹¬ μ‹μ¤ν… νμΌ λ³΄μ΅΄ λ° μ •λ¦¬ μ‹μ‘ ===
[2025-08-10 20:50:58] [INFO] λ°±μ—… μƒμ„± μ™„λ£: /Users/jy_lee/Desktop/GIT_DEV/infomax_api/archive/backups/core_organization_20250810_205058
[2025-08-10 20:50:58] [INFO] core λ””λ ‰ν† λ¦¬ κµ¬μ΅° μƒμ„± μ™„λ£
[2025-08-10 20:50:58] [INFO] POSCO News νμΌλ“¤ μ •λ¦¬ μ‹μ‘
[2025-08-10 20:50:58] [INFO] posco_news_250808_cache.json μ΄λ™ μ™„λ£
[2025-08-10 20:50:58] [INFO] posco_news_250808_data.json μ΄λ™ μ™„λ£
[2025-08-10 20:50:58] [INFO] posco_news_250808_historical.json μ΄λ™ μ™„λ£
[2025-08-10 20:50:58] [INFO] μ›μΉν–„μ¤ν„° μ μ–΄μ„Όν„° νμΌλ“¤ μ •λ¦¬ μ‹μ‘
[2025-08-10 20:50:58] [INFO] πΉWatchHamster_v3.0_Control_Center.bat μ΄λ™ μ™„λ£
[2025-08-10 20:50:58] [INFO] πΉWatchHamster_v3.0_Integrated_Center.bat μ΄λ™ μ™„λ£
[2025-08-10 20:50:58] [INFO] πΉμ›μΉν–„μ¤ν„°_μ΄κ΄„_κ΄€λ¦¬_μ„Όν„°.bat μ΄λ™ μ™„λ£
[2025-08-10 20:50:58] [INFO] πΉμ›μΉν–„μ¤ν„°_μ΄κ΄„_κ΄€λ¦¬_μ„Όν„°_SIMPLE.bat μ΄λ™ μ™„λ£
[2025-08-10 20:50:58] [INFO] πΉPOSCO_μ›μΉν–„μ¤ν„°_v3_μ μ–΄μ„Όν„°.command μ‹¤ν–‰ κ¶ν• μ„¤μ • μ™„λ£
[2025-08-10 20:50:58] [INFO] Monitoring λ””λ ‰ν† λ¦¬ κµ¬μ΅° μµμ ν™” μ‹μ‘
[2025-08-10 20:50:58] [INFO] posco_main_notifier.py λ³µμ‚¬ μ™„λ£
[2025-08-10 20:50:58] [INFO] monitor_WatchHamster_v3.0.py λ³µμ‚¬ μ™„λ£
[2025-08-10 20:50:58] [INFO] realtime_news_monitor.py λ³µμ‚¬ μ™„λ£
[2025-08-10 20:50:58] [INFO] completion_notifier.py λ³µμ‚¬ μ™„λ£
[2025-08-10 20:50:58] [INFO] config.py λ³µμ‚¬ μ™„λ£
[2025-08-10 20:50:58] [INFO] core λ¨λ“ λ””λ ‰ν† λ¦¬ λ³µμ‚¬ μ™„λ£
[2025-08-10 20:50:58] [INFO] ν•μ„ νΈν™μ„± λ§ν¬ μƒμ„± μ‹μ‘
[2025-08-10 20:50:58] [INFO] μ›Ήν›… λ° μ•λ¦Ό κΈ°λ¥ λ¬΄κ²°μ„± κ²€μ¦ μ‹μ‘
[2025-08-10 20:50:58] [INFO] μ›Ήν›… λ¬΄κ²°μ„± κ²€μ¦ μ™„λ£. λ³΄κ³ μ„: /Users/jy_lee/Desktop/GIT_DEV/infomax_api/webhook_integrity_verification.json
[2025-08-10 20:50:58] [INFO] μ •λ¦¬ μ‘μ—… λ³΄κ³ μ„ μƒμ„± μ™„λ£: /Users/jy_lee/Desktop/GIT_DEV/infomax_api/task5_core_organization_report.json, /Users/jy_lee/Desktop/GIT_DEV/infomax_api/task5_core_organization_report.md
[2025-08-10 20:50:58] [INFO] === Task 5: ν•µμ‹¬ μ‹μ¤ν… νμΌ λ³΄μ΅΄ λ° μ •λ¦¬ μ™„λ£ ===
