2025-08-10 19:52:53,644 - INFO - 🚀 파일 분류 시작
2025-08-10 19:52:53,644 - INFO - 📂 전체 파일 분류 시작
2025-08-10 19:52:53,997 - INFO - 진행 상황: 500개 파일 분류 완료
2025-08-10 19:52:54,157 - INFO - 진행 상황: 1000개 파일 분류 완료
2025-08-10 19:52:54,339 - INFO - 진행 상황: 1500개 파일 분류 완료
2025-08-10 19:52:54,532 - INFO - 진행 상황: 2000개 파일 분류 완료
2025-08-10 19:52:54,674 - INFO - 진행 상황: 2500개 파일 분류 완료
2025-08-10 19:52:54,718 - INFO - 🔍 중복 파일 검사 중...
2025-08-10 19:52:55,030 - INFO - 중복 파일 1594개 발견
2025-08-10 19:52:55,030 - INFO - ✅ 파일 분류 완료
2025-08-10 19:52:55,030 - INFO -    총 파일 수: 2,646개
2025-08-10 19:52:55,030 - INFO -    총 크기: 74.4MB
2025-08-10 19:52:55,030 - INFO -    대용량 파일: 0개
2025-08-10 19:52:55,030 - INFO -    중복 파일: 1594개
2025-08-10 19:52:55,030 - INFO - 
📊 분류 결과 요약:
2025-08-10 19:52:55,030 - INFO -   핵심_시스템: 64개 (0.9MB)
2025-08-10 19:52:55,031 - INFO -   개발_도구: 923개 (20.8MB)
2025-08-10 19:52:55,031 - INFO -   문서: 143개 (1.0MB)
2025-08-10 19:52:55,031 - INFO -   임시_파일: 42개 (1.1MB)
2025-08-10 19:52:55,031 - INFO -   설정_파일: 110개 (15.1MB)
2025-08-10 19:52:55,031 - INFO -   보관_파일: 69개 (1.6MB)
2025-08-10 19:52:55,031 - INFO -   미분류: 1,295개 (33.8MB)
2025-08-10 19:52:55,031 - INFO - 📋 분류 보고서 생성 중...
2025-08-10 19:52:55,032 - INFO - ✅ 분류 보고서 생성: file_classification_report_20250810_195255.md
2025-08-10 19:52:55,067 - INFO - 📄 분류 데이터 저장: file_classification_data.json
