2025-08-09 17:12:31,836 - INFO - === POSCO 네이밍 표준화 전체 검증 시작 ===
2025-08-09 17:12:31,836 - INFO - 파일명 표준화 검증 시작...
2025-08-09 17:12:31,977 - INFO - 파일명 검증 완료: 142개 결과
2025-08-09 17:12:31,977 - INFO - 코드 내부 네이밍 검증 시작...
2025-08-09 17:12:32,291 - INFO - 코드 네이밍 검증 완료: 57개 결과
2025-08-09 17:12:32,291 - INFO - 문서 표준화 검증 시작...
2025-08-09 17:12:32,407 - INFO - 문서 표준화 검증 완료: 291개 결과
2025-08-09 17:12:32,407 - INFO - 설정 파일 표준화 검증 시작...
2025-08-09 17:12:32,433 - INFO - 설정 파일 검증 완료: 107개 결과
2025-08-09 17:12:32,433 - INFO - === 검증 완료: 총 597개 항목 검증 ===
2025-08-09 17:12:32,433 - INFO - 통과: 205, 실패: 259, 경고: 133
2025-08-09 17:12:32,438 - INFO - === POSCO 네이밍 표준화 전체 검증 시작 ===
2025-08-09 17:12:32,438 - INFO - 파일명 표준화 검증 시작...
2025-08-09 17:12:32,451 - INFO - 파일명 검증 완료: 142개 결과
2025-08-09 17:12:32,451 - INFO - 코드 내부 네이밍 검증 시작...
2025-08-09 17:12:32,659 - INFO - 코드 네이밍 검증 완료: 57개 결과
2025-08-09 17:12:32,659 - INFO - 문서 표준화 검증 시작...
2025-08-09 17:12:32,759 - INFO - 문서 표준화 검증 완료: 291개 결과
2025-08-09 17:12:32,759 - INFO - 설정 파일 표준화 검증 시작...
2025-08-09 17:12:32,778 - INFO - 설정 파일 검증 완료: 107개 결과
2025-08-09 17:12:32,778 - INFO - === 검증 완료: 총 597개 항목 검증 ===
2025-08-09 17:12:32,778 - INFO - 통과: 205, 실패: 259, 경고: 133
2025-08-09 17:12:32,783 - INFO - 검증 보고서가 생성되었습니다: naming_verification_report_20250809_171232.html
2025-08-09 17:12:32,788 - INFO - JSON 결과가 저장되었습니다: naming_verification_report_20250809_171232.json
2025-08-09 17:13:23,535 - INFO - 코드 내부 네이밍 검증 시작...
2025-08-09 17:13:23,537 - INFO - 코드 네이밍 검증 완료: 10개 결과
2025-08-09 17:13:23,540 - INFO - 설정 파일 표준화 검증 시작...
2025-08-09 17:13:23,542 - INFO - 설정 파일 검증 완료: 5개 결과
2025-08-09 17:13:23,545 - INFO - 문서 표준화 검증 시작...
2025-08-09 17:13:23,545 - INFO - 문서 표준화 검증 완료: 4개 결과
2025-08-09 17:13:23,549 - INFO - 파일명 표준화 검증 시작...
2025-08-09 17:13:23,551 - INFO - 파일명 검증 완료: 8개 결과
2025-08-09 17:13:23,559 - INFO - 파일명 표준화 검증 시작...
2025-08-09 17:13:23,559 - INFO - 파일명 검증 완료: 8개 결과
2025-08-09 17:13:23,566 - INFO - 파일명 표준화 검증 시작...
2025-08-09 17:13:23,567 - INFO - 파일명 검증 완료: 8개 결과
2025-08-09 17:13:23,573 - INFO - === POSCO 네이밍 표준화 전체 검증 시작 ===
2025-08-09 17:13:23,573 - INFO - 파일명 표준화 검증 시작...
2025-08-09 17:13:23,574 - INFO - 파일명 검증 완료: 8개 결과
2025-08-09 17:13:23,574 - INFO - 코드 내부 네이밍 검증 시작...
2025-08-09 17:13:23,576 - INFO - 코드 네이밍 검증 완료: 10개 결과
2025-08-09 17:13:23,577 - INFO - 문서 표준화 검증 시작...
2025-08-09 17:13:23,577 - INFO - 문서 표준화 검증 완료: 4개 결과
2025-08-09 17:13:23,577 - INFO - 설정 파일 표준화 검증 시작...
2025-08-09 17:13:23,578 - INFO - 설정 파일 검증 완료: 5개 결과
2025-08-09 17:13:23,578 - INFO - === 검증 완료: 총 27개 항목 검증 ===
2025-08-09 17:13:23,578 - INFO - 통과: 9, 실패: 17, 경고: 1
2025-08-09 17:13:23,586 - INFO - === POSCO 네이밍 표준화 전체 검증 시작 ===
2025-08-09 17:13:23,586 - INFO - 파일명 표준화 검증 시작...
2025-08-09 17:13:23,586 - INFO - 파일명 검증 완료: 8개 결과
2025-08-09 17:13:23,586 - INFO - 코드 내부 네이밍 검증 시작...
2025-08-09 17:13:23,587 - INFO - 코드 네이밍 검증 완료: 10개 결과
2025-08-09 17:13:23,587 - INFO - 문서 표준화 검증 시작...
2025-08-09 17:13:23,587 - INFO - 문서 표준화 검증 완료: 4개 결과
2025-08-09 17:13:23,587 - INFO - 설정 파일 표준화 검증 시작...
2025-08-09 17:13:23,588 - INFO - 설정 파일 검증 완료: 5개 결과
2025-08-09 17:13:23,588 - INFO - === 검증 완료: 총 27개 항목 검증 ===
2025-08-09 17:13:23,588 - INFO - 통과: 9, 실패: 17, 경고: 1
2025-08-09 17:13:23,588 - INFO - === POSCO 네이밍 표준화 전체 검증 시작 ===
2025-08-09 17:13:23,588 - INFO - 파일명 표준화 검증 시작...
2025-08-09 17:13:23,588 - INFO - 파일명 검증 완료: 8개 결과
2025-08-09 17:13:23,588 - INFO - 코드 내부 네이밍 검증 시작...
2025-08-09 17:13:23,589 - INFO - 코드 네이밍 검증 완료: 10개 결과
2025-08-09 17:13:23,589 - INFO - 문서 표준화 검증 시작...
2025-08-09 17:13:23,589 - INFO - 문서 표준화 검증 완료: 4개 결과
2025-08-09 17:13:23,589 - INFO - 설정 파일 표준화 검증 시작...
2025-08-09 17:13:23,590 - INFO - 설정 파일 검증 완료: 5개 결과
2025-08-09 17:13:23,590 - INFO - === 검증 완료: 총 27개 항목 검증 ===
2025-08-09 17:13:23,590 - INFO - 통과: 9, 실패: 17, 경고: 1
2025-08-09 17:13:23,591 - INFO - 검증 보고서가 생성되었습니다: test_report.html
2025-08-09 17:13:23,591 - INFO - JSON 결과가 저장되었습니다: test_report.json
2025-08-09 17:13:23,599 - INFO - 파일명 표준화 검증 시작...
2025-08-09 17:13:23,599 - INFO - 파일명 검증 완료: 8개 결과
2025-08-09 17:13:23,600 - INFO - === POSCO 네이밍 표준화 전체 검증 시작 ===
2025-08-09 17:13:23,600 - INFO - 파일명 표준화 검증 시작...
2025-08-09 17:13:23,624 - INFO - 파일명 검증 완료: 142개 결과
2025-08-09 17:13:23,624 - INFO - 코드 내부 네이밍 검증 시작...
2025-08-09 17:13:23,998 - INFO - 코드 네이밍 검증 완료: 57개 결과
2025-08-09 17:13:23,998 - INFO - 문서 표준화 검증 시작...
2025-08-09 17:13:24,113 - INFO - 문서 표준화 검증 완료: 291개 결과
2025-08-09 17:13:24,113 - INFO - 설정 파일 표준화 검증 시작...
2025-08-09 17:13:24,154 - INFO - 설정 파일 검증 완료: 374개 결과
2025-08-09 17:13:24,154 - INFO - === 검증 완료: 총 864개 항목 검증 ===
2025-08-09 17:13:24,154 - INFO - 통과: 205, 실패: 526, 경고: 133
2025-08-09 17:14:40,394 - INFO - === POSCO 네이밍 표준화 전체 검증 시작 ===
2025-08-09 17:14:40,394 - INFO - 파일명 표준화 검증 시작...
2025-08-09 17:14:40,486 - INFO - 파일명 검증 완료: 142개 결과
2025-08-09 17:14:40,487 - INFO - 코드 내부 네이밍 검증 시작...
2025-08-09 17:14:40,759 - INFO - 코드 네이밍 검증 완료: 57개 결과
2025-08-09 17:14:40,759 - INFO - 문서 표준화 검증 시작...
2025-08-09 17:14:40,869 - INFO - 문서 표준화 검증 완료: 294개 결과
2025-08-09 17:14:40,870 - INFO - 설정 파일 표준화 검증 시작...
2025-08-09 17:14:40,908 - INFO - 설정 파일 검증 완료: 374개 결과
2025-08-09 17:14:40,908 - INFO - === 검증 완료: 총 867개 항목 검증 ===
2025-08-09 17:14:40,909 - INFO - 통과: 205, 실패: 529, 경고: 133
