2025-08-08 15:36:44,458 - INFO - ë°œê²¬ëœ ìŠ¤í¬ë¦½íŠ¸ íŒŒì¼: 39ê°œ
2025-08-08 15:36:44,459 - INFO - ìŠ¤í¬ë¦½íŠ¸ í‘œì¤€í™” ì‹œìž‘: ðŸŽ›ï¸POSCO_ì œì–´ì„¼í„°_ì‹¤í–‰_v2.bat
2025-08-08 15:36:44,462 - INFO - ìŠ¤í¬ë¦½íŠ¸ í‘œì¤€í™” ì™„ë£Œ: ðŸŽ›ï¸POSCO_ì œì–´ì„¼í„°_ì‹¤í–‰_v2.bat -> ðŸŽ›ï¸WatchHamster_v3.0_Control_Panel.bat
2025-08-08 15:36:44,462 - INFO - ìŠ¤í¬ë¦½íŠ¸ í‘œì¤€í™” ì‹œìž‘: ðŸ¹ì›Œì¹˜í–„ìŠ¤í„°_ì´ê´„_ê´€ë¦¬_ì„¼í„°_v3.bat
2025-08-08 15:36:44,463 - INFO - ìŠ¤í¬ë¦½íŠ¸ í‘œì¤€í™” ì™„ë£Œ: ðŸ¹ì›Œì¹˜í–„ìŠ¤í„°_ì´ê´„_ê´€ë¦¬_ì„¼í„°_v3.bat -> ðŸ¹WatchHamster_v3.0_Control_Center.bat
2025-08-08 15:36:44,464 - INFO - ìŠ¤í¬ë¦½íŠ¸ í‘œì¤€í™” ì‹œìž‘: lib_wt_common.bat
2025-08-08 15:36:44,466 - INFO - ìŠ¤í¬ë¦½íŠ¸ í‘œì¤€í™” ì™„ë£Œ: lib_wt_common.bat -> lib_wt_common.bat
2025-08-08 15:36:44,466 - INFO - ìŠ¤í¬ë¦½íŠ¸ í‘œì¤€í™” ì‹œìž‘: ðŸ¹ì›Œì¹˜í–„ìŠ¤í„°_ì´ê´„_ê´€ë¦¬_ì„¼í„°.bat
2025-08-08 15:36:44,468 - INFO - ìŠ¤í¬ë¦½íŠ¸ í‘œì¤€í™” ì™„ë£Œ: ðŸ¹ì›Œì¹˜í–„ìŠ¤í„°_ì´ê´„_ê´€ë¦¬_ì„¼í„°.bat -> ðŸ¹ì›Œì¹˜í–„ìŠ¤í„°_ì´ê´„_ê´€ë¦¬_ì„¼í„°.bat
2025-08-08 15:36:44,468 - INFO - ìŠ¤í¬ë¦½íŠ¸ í‘œì¤€í™” ì‹œìž‘: ðŸ¹ì›Œì¹˜í–„ìŠ¤í„°_í†µí•©_ê´€ë¦¬_ì„¼í„°.bat
2025-08-08 15:36:44,470 - INFO - ìŠ¤í¬ë¦½íŠ¸ í‘œì¤€í™” ì™„ë£Œ: ðŸ¹ì›Œì¹˜í–„ìŠ¤í„°_í†µí•©_ê´€ë¦¬_ì„¼í„°.bat -> ðŸ¹WatchHamster_v3.0_Integrated_Center.bat
2025-08-08 15:36:44,470 - INFO - ìŠ¤í¬ë¦½íŠ¸ í‘œì¤€í™” ì‹œìž‘: ðŸ¹POSCO_ì›Œì¹˜í–„ìŠ¤í„°_v3_ì œì–´ì„¼í„°.bat
2025-08-08 15:36:44,473 - INFO - ìŠ¤í¬ë¦½íŠ¸ í‘œì¤€í™” ì™„ë£Œ: ðŸ¹POSCO_ì›Œì¹˜í–„ìŠ¤í„°_v3_ì œì–´ì„¼í„°.bat -> ðŸ¹POSCO_ì›Œì¹˜í–„ìŠ¤í„°_v3_ì œì–´ì„¼í„°.bat
2025-08-08 15:36:44,473 - INFO - ìŠ¤í¬ë¦½íŠ¸ í‘œì¤€í™” ì‹œìž‘: PowerShell_ì§„ë‹¨.bat
2025-08-08 15:36:44,478 - INFO - ìŠ¤í¬ë¦½íŠ¸ í‘œì¤€í™” ì™„ë£Œ: PowerShell_ì§„ë‹¨.bat -> PowerShell_ì§„ë‹¨.bat
2025-08-08 15:36:44,478 - INFO - ìŠ¤í¬ë¦½íŠ¸ í‘œì¤€í™” ì‹œìž‘: ðŸŽ›ï¸POSCO_ì œì–´ì„¼í„°_ì‹¤í–‰.bat
2025-08-08 15:36:44,480 - INFO - ìŠ¤í¬ë¦½íŠ¸ í‘œì¤€í™” ì™„ë£Œ: ðŸŽ›ï¸POSCO_ì œì–´ì„¼í„°_ì‹¤í–‰.bat -> ðŸŽ›ï¸POSCO_ì œì–´ì„¼í„°_ì‹¤í–‰.bat
2025-08-08 15:36:44,480 - INFO - ìŠ¤í¬ë¦½íŠ¸ í‘œì¤€í™” ì‹œìž‘: ðŸ¹ì›Œì¹˜í–„ìŠ¤í„°_ì´ê´„_ê´€ë¦¬_ì„¼í„°_SIMPLE.bat
2025-08-08 15:36:44,484 - INFO - ìŠ¤í¬ë¦½íŠ¸ í‘œì¤€í™” ì™„ë£Œ: ðŸ¹ì›Œì¹˜í–„ìŠ¤í„°_ì´ê´„_ê´€ë¦¬_ì„¼í„°_SIMPLE.bat -> ðŸ¹ì›Œì¹˜í–„ìŠ¤í„°_ì´ê´„_ê´€ë¦¬_ì„¼í„°_SIMPLE.bat
2025-08-08 15:36:44,484 - INFO - ìŠ¤í¬ë¦½íŠ¸ í‘œì¤€í™” ì‹œìž‘: POSCO_ì‹œìž‘.bat
2025-08-08 15:36:44,487 - INFO - ìŠ¤í¬ë¦½íŠ¸ í‘œì¤€í™” ì™„ë£Œ: POSCO_ì‹œìž‘.bat -> POSCO_ì‹œìž‘.bat
2025-08-08 15:36:44,493 - INFO - ìŠ¤í¬ë¦½íŠ¸ í‘œì¤€í™” ì‹œìž‘: ðŸš€POSCO_ë©”ì¸_ì•Œë¦¼_ì‹œìž‘_ì§ì ‘.bat
2025-08-08 15:36:44,499 - INFO - ìŠ¤í¬ë¦½íŠ¸ í‘œì¤€í™” ì™„ë£Œ: ðŸš€POSCO_ë©”ì¸_ì•Œë¦¼_ì‹œìž‘_ì§ì ‘.bat -> ðŸš€ðŸš€POSCO_News_250808_Direct_Start.bat
2025-08-08 15:36:44,500 - INFO - ìŠ¤í¬ë¦½íŠ¸ í‘œì¤€í™” ì‹œìž‘: ðŸ”„Git_ë®ì–´ì”Œìš°ê¸°.bat
2025-08-08 15:36:44,503 - INFO - ìŠ¤í¬ë¦½íŠ¸ í‘œì¤€í™” ì™„ë£Œ: ðŸ”„Git_ë®ì–´ì”Œìš°ê¸°.bat -> ðŸ”„Git_ë®ì–´ì”Œìš°ê¸°.bat
2025-08-08 15:36:44,503 - INFO - ìŠ¤í¬ë¦½íŠ¸ í‘œì¤€í™” ì‹œìž‘: Monitoring/Posco_News_mini/ðŸ”§POSCO_ì‹œìŠ¤í…œ_ìƒíƒœí™•ì¸.bat
2025-08-08 15:36:44,506 - INFO - ìŠ¤í¬ë¦½íŠ¸ í‘œì¤€í™” ì™„ë£Œ: Monitoring/Posco_News_mini/ðŸ”§POSCO_ì‹œìŠ¤í…œ_ìƒíƒœí™•ì¸.bat -> Monitoring/Posco_News_mini/ðŸ”§POSCO_ì‹œìŠ¤í…œ_ìƒíƒœí™•ì¸.bat
2025-08-08 15:36:44,506 - INFO - ìŠ¤í¬ë¦½íŠ¸ í‘œì¤€í™” ì‹œìž‘: Monitoring/Posco_News_mini/ðŸ§ªPOSCO_í…ŒìŠ¤íŠ¸_ì‹¤í–‰.bat
2025-08-08 15:36:44,509 - INFO - ìŠ¤í¬ë¦½íŠ¸ í‘œì¤€í™” ì™„ë£Œ: Monitoring/Posco_News_mini/ðŸ§ªPOSCO_í…ŒìŠ¤íŠ¸_ì‹¤í–‰.bat -> Monitoring/Posco_News_mini/ðŸ§ªPOSCO_í…ŒìŠ¤íŠ¸_ì‹¤í–‰.bat
2025-08-08 15:36:44,509 - INFO - ìŠ¤í¬ë¦½íŠ¸ í‘œì¤€í™” ì‹œìž‘: Monitoring/Posco_News_mini/ðŸŽ›ï¸POSCO_ë©”ì¸_ì‹œìŠ¤í…œ.bat
2025-08-08 15:36:44,514 - INFO - ìŠ¤í¬ë¦½íŠ¸ í‘œì¤€í™” ì™„ë£Œ: Monitoring/Posco_News_mini/ðŸŽ›ï¸POSCO_ë©”ì¸_ì‹œìŠ¤í…œ.bat -> Monitoring/Posco_News_mini/ðŸŽ›ï¸POSCO_ë©”ì¸_ì‹œìŠ¤í…œ.bat
2025-08-08 15:36:44,514 - INFO - ìŠ¤í¬ë¦½íŠ¸ í‘œì¤€í™” ì‹œìž‘: Monitoring/Posco_News_mini/ðŸ”„POSCO_Git_ì—…ë°ì´íŠ¸.bat
2025-08-08 15:36:44,517 - INFO - ìŠ¤í¬ë¦½íŠ¸ í‘œì¤€í™” ì™„ë£Œ: Monitoring/Posco_News_mini/ðŸ”„POSCO_Git_ì—…ë°ì´íŠ¸.bat -> Monitoring/Posco_News_mini/ðŸ”„POSCO_Git_ì—…ë°ì´íŠ¸.bat
2025-08-08 15:36:44,517 - INFO - ìŠ¤í¬ë¦½íŠ¸ í‘œì¤€í™” ì‹œìž‘: Monitoring/Posco_News_mini/ðŸ“‹POSCO_ë¡œê·¸_í™•ì¸.bat
2025-08-08 15:36:44,519 - INFO - ìŠ¤í¬ë¦½íŠ¸ í‘œì¤€í™” ì™„ë£Œ: Monitoring/Posco_News_mini/ðŸ“‹POSCO_ë¡œê·¸_í™•ì¸.bat -> Monitoring/Posco_News_mini/ðŸ“‹POSCO_ë¡œê·¸_í™•ì¸.bat
2025-08-08 15:36:44,519 - INFO - ìŠ¤í¬ë¦½íŠ¸ í‘œì¤€í™” ì‹œìž‘: Monitoring/Posco_News_mini/ðŸ›‘POSCO_ë©”ì¸_ì•Œë¦¼_ì¤‘ì§€.bat
2025-08-08 15:36:44,522 - INFO - ìŠ¤í¬ë¦½íŠ¸ í‘œì¤€í™” ì™„ë£Œ: Monitoring/Posco_News_mini/ðŸ›‘POSCO_ë©”ì¸_ì•Œë¦¼_ì¤‘ì§€.bat -> Monitoring/Posco_News_mini/ðŸ›‘ðŸ›‘POSCO_News_250808_Stop.bat
2025-08-08 15:36:44,523 - INFO - ìŠ¤í¬ë¦½íŠ¸ í‘œì¤€í™” ì‹œìž‘: Monitoring/Posco_News_mini/ðŸš€POSCO_ë©”ì¸_ì•Œë¦¼_ì‹œìž‘.bat
2025-08-08 15:36:44,526 - INFO - ìŠ¤í¬ë¦½íŠ¸ í‘œì¤€í™” ì™„ë£Œ: Monitoring/Posco_News_mini/ðŸš€POSCO_ë©”ì¸_ì•Œë¦¼_ì‹œìž‘.bat -> Monitoring/Posco_News_mini/ðŸš€ðŸš€POSCO_News_250808_Start.bat
2025-08-08 15:36:44,526 - INFO - ìŠ¤í¬ë¦½íŠ¸ í‘œì¤€í™” ì‹œìž‘: test_runner.sh
2025-08-08 15:36:44,529 - INFO - ìŠ¤í¬ë¦½íŠ¸ í‘œì¤€í™” ì™„ë£Œ: test_runner.sh -> test_runner.sh
2025-08-08 15:36:44,529 - INFO - ìŠ¤í¬ë¦½íŠ¸ í‘œì¤€í™” ì‹œìž‘: cleanup_old_files.sh
2025-08-08 15:36:44,532 - INFO - ìŠ¤í¬ë¦½íŠ¸ í‘œì¤€í™” ì™„ë£Œ: cleanup_old_files.sh -> cleanup_old_files.sh
2025-08-08 15:36:44,532 - INFO - ìŠ¤í¬ë¦½íŠ¸ í‘œì¤€í™” ì‹œìž‘: check_migration_requirements.sh
2025-08-08 15:36:44,534 - INFO - ìŠ¤í¬ë¦½íŠ¸ í‘œì¤€í™” ì™„ë£Œ: check_migration_requirements.sh -> check_migration_requirements.sh
2025-08-08 15:36:44,534 - INFO - ìŠ¤í¬ë¦½íŠ¸ í‘œì¤€í™” ì‹œìž‘: test_control_center_functions.sh
2025-08-08 15:36:44,537 - INFO - ìŠ¤í¬ë¦½íŠ¸ í‘œì¤€í™” ì™„ë£Œ: test_control_center_functions.sh -> test_control_center_functions.sh
2025-08-08 15:36:44,537 - INFO - ìŠ¤í¬ë¦½íŠ¸ í‘œì¤€í™” ì‹œìž‘: rollback_migration.sh
2025-08-08 15:36:44,538 - INFO - ìŠ¤í¬ë¦½íŠ¸ í‘œì¤€í™” ì™„ë£Œ: rollback_migration.sh -> rollback_migration.sh
2025-08-08 15:36:44,538 - INFO - ìŠ¤í¬ë¦½íŠ¸ í‘œì¤€í™” ì‹œìž‘: watchhamster_control_center.sh
2025-08-08 15:36:44,540 - INFO - ìŠ¤í¬ë¦½íŠ¸ í‘œì¤€í™” ì™„ë£Œ: watchhamster_control_center.sh -> watchhamster_v3.0_control_center.sh
2025-08-08 15:36:44,541 - INFO - ìŠ¤í¬ë¦½íŠ¸ í‘œì¤€í™” ì‹œìž‘: run_migration_verification.sh
2025-08-08 15:36:44,544 - INFO - ìŠ¤í¬ë¦½íŠ¸ í‘œì¤€í™” ì™„ë£Œ: run_migration_verification.sh -> run_migration_verification.sh
2025-08-08 15:36:44,544 - INFO - ìŠ¤í¬ë¦½íŠ¸ í‘œì¤€í™” ì‹œìž‘: ðŸš€POSCO_ë©”ì¸_ì•Œë¦¼_ì‹œìž‘_ì§ì ‘.sh
2025-08-08 15:36:44,546 - INFO - ìŠ¤í¬ë¦½íŠ¸ í‘œì¤€í™” ì™„ë£Œ: ðŸš€POSCO_ë©”ì¸_ì•Œë¦¼_ì‹œìž‘_ì§ì ‘.sh -> ðŸš€ðŸš€POSCO_News_250808_Direct_Start.sh
2025-08-08 15:36:44,546 - INFO - ìŠ¤í¬ë¦½íŠ¸ í‘œì¤€í™” ì‹œìž‘: migrate_to_v2.sh
2025-08-08 15:36:44,549 - INFO - ìŠ¤í¬ë¦½íŠ¸ í‘œì¤€í™” ì™„ë£Œ: migrate_to_v2.sh -> migrate_to_v2.sh
2025-08-08 15:36:44,549 - INFO - ìŠ¤í¬ë¦½íŠ¸ í‘œì¤€í™” ì‹œìž‘: watchhamster_master_control.sh
2025-08-08 15:36:44,556 - INFO - ìŠ¤í¬ë¦½íŠ¸ í‘œì¤€í™” ì™„ë£Œ: watchhamster_master_control.sh -> watchhamster_v3.0_master_control.sh
2025-08-08 15:36:44,556 - INFO - ìŠ¤í¬ë¦½íŠ¸ í‘œì¤€í™” ì‹œìž‘: verify_task6_implementation.sh
2025-08-08 15:36:44,557 - INFO - ìŠ¤í¬ë¦½íŠ¸ í‘œì¤€í™” ì™„ë£Œ: verify_task6_implementation.sh -> verify_task6_implementation.sh
2025-08-08 15:36:44,557 - INFO - ìŠ¤í¬ë¦½íŠ¸ í‘œì¤€í™” ì‹œìž‘: lib_wt_common.sh
2025-08-08 15:36:44,558 - INFO - ìŠ¤í¬ë¦½íŠ¸ í‘œì¤€í™” ì™„ë£Œ: lib_wt_common.sh -> lib_wt_common.sh
2025-08-08 15:36:44,558 - INFO - ìŠ¤í¬ë¦½íŠ¸ í‘œì¤€í™” ì‹œìž‘: posco_control_mac.sh
2025-08-08 15:36:44,559 - INFO - ìŠ¤í¬ë¦½íŠ¸ í‘œì¤€í™” ì™„ë£Œ: posco_control_mac.sh -> posco_news_250808_control_mac.sh
2025-08-08 15:36:44,559 - INFO - ìŠ¤í¬ë¦½íŠ¸ í‘œì¤€í™” ì‹œìž‘: ðŸŽ›ï¸POSCO_á„Œá…¦á„‹á…¥á„‰á…¦á†«á„á…¥_á„‰á…µá†¯á„’á…¢á†¼_v2.sh
2025-08-08 15:36:44,560 - INFO - ìŠ¤í¬ë¦½íŠ¸ í‘œì¤€í™” ì™„ë£Œ: ðŸŽ›ï¸POSCO_á„Œá…¦á„‹á…¥á„‰á…¦á†«á„á…¥_á„‰á…µá†¯á„’á…¢á†¼_v2.sh -> ðŸŽ›ï¸POSCO_á„Œá…¦á„‹á…¥á„‰á…¦á†«á„á…¥_á„‰á…µá†¯á„’á…¢á†¼_v2.sh
2025-08-08 15:36:44,560 - INFO - ìŠ¤í¬ë¦½íŠ¸ í‘œì¤€í™” ì‹œìž‘: Monitoring/Posco_News_mini/posco_control_center.sh
2025-08-08 15:36:44,561 - INFO - ìŠ¤í¬ë¦½íŠ¸ í‘œì¤€í™” ì™„ë£Œ: Monitoring/Posco_News_mini/posco_control_center.sh -> Monitoring/Posco_News_mini/posco_news_250808_control_center.sh
2025-08-08 15:36:44,561 - INFO - ìŠ¤í¬ë¦½íŠ¸ í‘œì¤€í™” ì‹œìž‘: ðŸ¹POSCO_ì›Œì¹˜í–„ìŠ¤í„°_v3_ì œì–´ì„¼í„°.command
2025-08-08 15:36:44,562 - INFO - ìŠ¤í¬ë¦½íŠ¸ í‘œì¤€í™” ì™„ë£Œ: ðŸ¹POSCO_ì›Œì¹˜í–„ìŠ¤í„°_v3_ì œì–´ì„¼í„°.command -> ðŸ¹POSCO_ì›Œì¹˜í–„ìŠ¤í„°_v3_ì œì–´ì„¼í„°.command
2025-08-08 15:36:44,562 - INFO - ìŠ¤í¬ë¦½íŠ¸ í‘œì¤€í™” ì‹œìž‘: ðŸŽ›ï¸POSCO_ì œì–´ì„¼í„°_Macì‹¤í–‰.command
2025-08-08 15:36:44,563 - INFO - ìŠ¤í¬ë¦½íŠ¸ í‘œì¤€í™” ì™„ë£Œ: ðŸŽ›ï¸POSCO_ì œì–´ì„¼í„°_Macì‹¤í–‰.command -> ðŸŽ›ï¸ðŸŽ›ï¸WatchHamster_v3.0_Control_Panel.command
2025-08-08 15:36:44,563 - INFO - ìŠ¤í¬ë¦½íŠ¸ í‘œì¤€í™” ì‹œìž‘: lib_wt_common.ps1
2025-08-08 15:36:44,564 - INFO - ìŠ¤í¬ë¦½íŠ¸ í‘œì¤€í™” ì™„ë£Œ: lib_wt_common.ps1 -> lib_wt_common.ps1
2025-08-08 15:36:44,564 - INFO - ìŠ¤í¬ë¦½íŠ¸ í‘œì¤€í™” ì‹œìž‘: watchhamster_control_center.ps1
2025-08-08 15:36:44,565 - INFO - ìŠ¤í¬ë¦½íŠ¸ í‘œì¤€í™” ì™„ë£Œ: watchhamster_control_center.ps1 -> watchhamster_v3.0_control_center.ps1
2025-08-08 15:36:44,565 - INFO - ìŠ¤í¬ë¦½íŠ¸ í‘œì¤€í™” ì‹œìž‘: watchhamster_master_control.ps1
2025-08-08 15:36:44,566 - INFO - ìŠ¤í¬ë¦½íŠ¸ í‘œì¤€í™” ì™„ë£Œ: watchhamster_master_control.ps1 -> watchhamster_v3.0_master_control.ps1
