[2025-08-06 13:07:29] ✅ API 클라이언트 초기화 성공
[2025-08-06 13:07:29] 📋 이전 상태 로드 완료
[2025-08-06 13:07:29] 📋 과거 데이터 캐시 로드 완료
[2025-08-06 13:07:29] 📋 영업일 매핑 로드 완료
[2025-08-06 13:07:29] 🏭 POSCO 메인 알림 시스템 초기화 완료
[2025-08-06 13:08:37] 🔔 데이터 갱신 상태 알림 생성 중...
[2025-08-06 13:08:37] ✅ newyork API 데이터 획득: [뉴욕마켓워치] 관세 여파, 서비스업까지 도달…주식↓달...
[2025-08-06 13:08:37] ⚠️ kospi API 데이터 비어있음, 캐시 확인 중...
[2025-08-06 13:08:37] 📋 캐시 파일 발견: ../../posco_news_cache.json
[2025-08-06 13:08:37] ⚠️ kospi 캐시 데이터가 과거 데이터임: 2025-07-25 15:44:00
[2025-08-06 13:08:37] ⚠️ kospi 캐시 데이터를 찾을 수 없습니다
[2025-08-06 13:08:38] ⚠️ exchange API 데이터 비어있음, 캐시 확인 중...
[2025-08-06 13:08:38] 📋 캐시 파일 발견: ../../posco_news_cache.json
[2025-08-06 13:08:38] ⚠️ exchange 캐시 데이터를 찾을 수 없습니다
[2025-08-06 13:08:38] ✅ 데이터 갱신 상태 알림 전송 성공: 📊 데이터 부분 갱신 (1/3)
[2025-08-06 13:08:51] ✅ API 클라이언트 초기화 성공
[2025-08-06 13:08:51] 📋 이전 상태 로드 완료
[2025-08-06 13:08:51] 📋 과거 데이터 캐시 로드 완료
[2025-08-06 13:08:51] 📋 영업일 매핑 로드 완료
[2025-08-06 13:08:51] 🏭 POSCO 메인 알림 시스템 초기화 완료
[2025-08-06 13:09:16] 📊 일일 통합 분석 리포트 생성 중...
[2025-08-06 13:09:16] ⚠️ HTML 리포트 생성 실패
[2025-08-06 13:09:16] ⚠️ exchange API 데이터 비어있음, 캐시 확인 중...
[2025-08-06 13:09:16] 📋 캐시 파일 발견: posco_news_cache.json
[2025-08-06 13:09:16] ⚠️ exchange 캐시 데이터를 찾을 수 없습니다
[2025-08-06 13:09:16] ⚠️ kospi API 데이터 비어있음, 캐시 확인 중...
[2025-08-06 13:09:16] 📋 캐시 파일 발견: posco_news_cache.json
[2025-08-06 13:09:16] ⚠️ kospi 캐시 데이터가 과거 데이터임: 2025-07-25 15:44:00
[2025-08-06 13:09:16] ⚠️ kospi 캐시 데이터를 찾을 수 없습니다
[2025-08-06 13:09:16] ✅ newyork API 데이터 획득: [뉴욕마켓워치] 관세 여파, 서비스업까지 도달…주식↓달...
[2025-08-06 13:09:16] ✅ 일일 통합 분석 리포트 알림 전송 성공
[2025-08-06 13:11:24] ✅ API 클라이언트 초기화 성공
[2025-08-06 13:11:24] 📋 이전 상태 로드 완료
[2025-08-06 13:11:24] ⚠️ 과거 데이터 캐시 없음
[2025-08-06 13:11:24] ⚠️ 영업일 매핑 없음
[2025-08-06 13:11:24] 🏭 POSCO 메인 알림 시스템 초기화 완료
[2025-08-06 13:11:24] 🏭 POSCO 메인 알림 시스템 시작
[2025-08-06 13:11:24] 📅 시작 시간: 2025-08-06 13:11:24
[2025-08-06 13:11:24] 📊 5가지 BOT 타입 알림 제공
[2025-08-06 13:11:24] 🛑 종료하려면 Ctrl+C를 누르세요
[2025-08-06 13:11:24] ✅ 시스템 시작 알림 전송 성공
[2025-08-06 13:14:29] 🛑 종료 신호 수신 (신호: 15)
[2025-08-06 13:14:51] 🛑 종료 신호 수신 (신호: 15)
[2025-08-06 13:14:58] ✅ API 클라이언트 초기화 성공
[2025-08-06 13:14:58] 📋 이전 상태 로드 완료
[2025-08-06 13:14:58] ⚠️ 과거 데이터 캐시 없음
[2025-08-06 13:14:58] ⚠️ 영업일 매핑 없음
[2025-08-06 13:14:58] 🏭 POSCO 메인 알림 시스템 초기화 완료
[2025-08-06 13:14:58] 🏭 POSCO 메인 알림 시스템 시작
[2025-08-06 13:14:58] 📅 시작 시간: 2025-08-06 13:14:58
[2025-08-06 13:14:58] 📊 5가지 BOT 타입 알림 제공
[2025-08-06 13:14:58] 🛑 종료하려면 Ctrl+C를 누르세요
[2025-08-06 13:14:58] ✅ 시스템 시작 알림 전송 성공
[2025-08-06 13:15:10] 🛑 종료 신호 수신 (신호: 2)
[2025-08-06 13:15:28] 🛑 POSCO 메인 알림 시스템 종료 중...
[2025-08-06 13:15:28] ✅ 시스템 종료 알림 전송 성공
[2025-08-06 13:15:28] ✅ POSCO 메인 알림 시스템 종료 완료
[2025-08-07 14:38:16] ✅ API 클라이언트 초기화 성공
[2025-08-07 14:38:16] 📋 이전 상태 로드 완료
[2025-08-07 14:38:16] 📋 과거 데이터 캐시 로드 완료
[2025-08-07 14:38:16] 📋 영업일 매핑 로드 완료
[2025-08-07 14:38:16] 🏭 POSCO 메인 알림 시스템 초기화 완료
[2025-08-07 14:38:16] 🏭 POSCO 메인 알림 시스템 시작
[2025-08-07 14:38:16] 📅 시작 시간: 2025-08-07 14:38:16
[2025-08-07 14:38:16] 📊 5가지 BOT 타입 알림 제공
[2025-08-07 14:38:16] 🛑 종료하려면 Ctrl+C를 누르세요
[2025-08-07 14:38:16] ✅ 시스템 시작 알림 전송 성공
[2025-08-07 14:48:54] 🛑 종료 신호 수신 (신호: 15)
[2025-08-07 14:49:16] 🛑 POSCO 메인 알림 시스템 종료 중...
[2025-08-07 14:49:16] ✅ 시스템 종료 알림 전송 성공
[2025-08-07 14:49:16] ✅ POSCO 메인 알림 시스템 종료 완료
[2025-08-07 14:49:18] ✅ API 클라이언트 초기화 성공
[2025-08-07 14:49:18] 📋 이전 상태 로드 완료
[2025-08-07 14:49:18] 📋 과거 데이터 캐시 로드 완료
[2025-08-07 14:49:18] 📋 영업일 매핑 로드 완료
[2025-08-07 14:49:18] 🏭 POSCO 메인 알림 시스템 초기화 완료
[2025-08-07 14:49:18] 🏭 POSCO 메인 알림 시스템 시작
[2025-08-07 14:49:18] 📅 시작 시간: 2025-08-07 14:49:18
[2025-08-07 14:49:18] 📊 5가지 BOT 타입 알림 제공
[2025-08-07 14:49:18] 🛑 종료하려면 Ctrl+C를 누르세요
[2025-08-07 14:49:18] ✅ 시스템 시작 알림 전송 성공
