[2025-09-02 09:44:42] ✅ 변경사항 stash 완료: Auto-stash before switching to publish - 20250902_094442
[2025-09-02 09:44:42] 4️⃣ 원격 저장소 정보 업데이트...
[2025-09-02 09:44:43] ✅ 원격 저장소 정보 업데이트 완료
[2025-09-02 09:44:43] 5️⃣ publish 브랜치 확인 및 전환...
[2025-09-02 09:44:43] ✅ publish 브랜치 전환 완료
[2025-09-02 09:44:43] 6️⃣ 브랜치 전환 후 상태 확인...
[2025-09-02 09:44:43] 🔍 Git 상태 확인 시작...
[2025-09-02 09:44:43] 📍 현재 브랜치: publish
[2025-09-02 09:44:43] ⚠️ 커밋되지 않은 변경사항 발견: 2
[2025-09-02 09:44:43] ⚠️ 병합 충돌 상태 감지
[2025-09-02 09:44:44] ✅ Git 상태 확인 완료
[2025-09-02 09:44:44] ✅ publish 브랜치 전환 성공적으로 완료
[2025-09-02 09:53:44] 🔧 Git 배포 관리자 초기화 완료 (스탠드얼론)
[2025-09-02 09:53:44] 🔍 Git 상태 확인 시작...
[2025-09-02 09:53:45] 📍 현재 브랜치: publish
[2025-09-02 09:53:45] ⚠️ 커밋되지 않은 변경사항 발견: 10
[2025-09-02 09:53:45] ⚠️ 병합 충돌 상태 감지
[2025-09-02 09:53:45] ✅ Git 상태 확인 완료
[2025-09-02 09:54:10] 🔧 Git 배포 관리자 초기화 완료 (스탠드얼론)
[2025-09-02 09:54:10] 🔍 Git 상태 확인 시작...
[2025-09-02 09:54:10] 📍 현재 브랜치: publish
[2025-09-02 09:54:10] ⚠️ 커밋되지 않은 변경사항 발견: 10
[2025-09-02 09:54:10] ⚠️ 병합 충돌 상태 감지
[2025-09-02 09:54:11] ✅ Git 상태 확인 완료
[2025-09-02 09:55:22] 🔧 Git 배포 관리자 초기화 완료 (스탠드얼론)
[2025-09-02 09:55:22] 🔍 Git 상태 확인 시작...
[2025-09-02 09:55:22] 📍 현재 브랜치: publish
[2025-09-02 09:55:22] ⚠️ 커밋되지 않은 변경사항 발견: 10
[2025-09-02 09:55:22] ⚠️ 병합 충돌 상태 감지
[2025-09-02 09:55:23] ✅ Git 상태 확인 완료
[2025-09-02 09:57:41] 🔧 Git 배포 관리자 초기화 완료 (스탠드얼론)
[2025-09-02 09:57:41] 🔍 Git 상태 확인 시작...
[2025-09-02 09:57:41] 📍 현재 브랜치: publish
[2025-09-02 09:57:41] ⚠️ 커밋되지 않은 변경사항 발견: 10
[2025-09-02 09:57:41] ⚠️ 병합 충돌 상태 감지
[2025-09-02 09:57:42] ✅ Git 상태 확인 완료
[2025-09-02 09:59:25] 🔧 Git 배포 관리자 초기화 완료 (스탠드얼론)
[2025-09-02 10:05:58] 🔧 Git 배포 관리자 초기화 완료 (스탠드얼론)
[2025-09-02 10:05:59] 🔍 충돌 파일 감지 시작...
[2025-09-02 10:05:59] 🔄 병합 진행 중 감지
[2025-09-02 10:05:59] ⚠️ 충돌 파일 발견: 2개
[2025-09-02 10:05:59] 🔍 충돌 파일 분석: config.json
[2025-09-02 10:05:59] 🤖 자동 해결 가능: config.json
[2025-09-02 10:05:59] 🔍 충돌 파일 분석: simple.txt
[2025-09-02 10:05:59] 🤖 자동 해결 가능: simple.txt
[2025-09-02 10:05:59] 🔧 Git 충돌 해결 시스템 시작...
[2025-09-02 10:05:59] 🔍 충돌 파일 감지 시작...
[2025-09-02 10:05:59] 🔄 병합 진행 중 감지
[2025-09-02 10:05:59] ⚠️ 충돌 파일 발견: 2개
[2025-09-02 10:05:59] 🔍 충돌 파일 분석: config.json
[2025-09-02 10:05:59] 🤖 자동 해결 가능: config.json
[2025-09-02 10:05:59] 🔍 충돌 파일 분석: simple.txt
[2025-09-02 10:05:59] 🤖 자동 해결 가능: simple.txt
[2025-09-02 10:05:59] ⚠️ 총 2개 충돌 파일 감지
[2025-09-02 10:05:59] 🤖 자동 해결 시도: 2개 파일
[2025-09-02 10:05:59] ✅ 자동 해결 완료: config.json
[2025-09-02 10:05:59] ✅ 자동 해결 완료: simple.txt
[2025-09-02 10:05:59] ✅ 병합 커밋 완료
[2025-09-02 10:05:59] ✅ 모든 충돌 해결 및 병합 커밋 완료
[2025-09-02 10:05:59] 🔍 충돌 파일 감지 시작...
[2025-09-02 10:05:59] 🔄 병합 진행 중 감지
[2025-09-02 10:05:59] ⚠️ 충돌 파일 발견: 1개
[2025-09-02 10:05:59] 🔍 충돌 파일 분석: test_conflict.txt
[2025-09-02 10:05:59] 🤖 자동 해결 가능: test_conflict.txt
[2025-09-02 10:05:59] ✅ test_conflict.txt - 우리 버전으로 해결 완료
[2025-09-02 10:05:59] ✅ test_conflict.txt - 그들 버전으로 해결 완료
[2025-09-02 10:06:49] 🔧 Git 배포 관리자 초기화 완료 (스탠드얼론)
[2025-09-02 10:06:49] 🔍 Git 상태 확인 시작...
[2025-09-02 10:06:49] 📍 현재 브랜치: publish
[2025-09-02 10:06:49] ⚠️ 커밋되지 않은 변경사항 발견: 10
[2025-09-02 10:06:49] ⚠️ 병합 충돌 상태 감지
[2025-09-02 10:06:50] ✅ Git 상태 확인 완료
[2025-09-02 10:06:50] 🔧 Git 충돌 해결 시스템 시작...
[2025-09-02 10:06:50] 🔍 충돌 파일 감지 시작...
[2025-09-02 10:06:50] 🔄 병합 진행 중 감지
[2025-09-02 10:06:50] ✅ 충돌 파일 없음
[2025-09-02 10:06:50] ✅ 충돌 파일 없음 - 해결 완료
[2025-09-02 10:22:03] 🔧 Git 배포 관리자 초기화 완료 (스탠드얼론)
[2025-09-02 10:22:03] 🔧 Git 배포 관리자 초기화 완료 (스탠드얼론)
[2025-09-02 10:22:03] 🔧 Git 배포 관리자 초기화 완료 (스탠드얼론)
[2025-09-02 10:22:03] 🔍 Git 상태 확인 시작...
[2025-09-02 10:22:03] 📍 현재 브랜치: publish
[2025-09-02 10:22:03] ⚠️ 커밋되지 않은 변경사항 발견: 10
[2025-09-02 10:22:03] ⚠️ 병합 충돌 상태 감지
[2025-09-02 10:22:03] ✅ Git 상태 확인 완료
[2025-09-02 10:24:33] 🔍 Git 상태 확인 시작...
[2025-09-02 10:24:33] 📍 현재 브랜치: publish
[2025-09-02 10:24:33] ⚠️ 커밋되지 않은 변경사항 발견: 10
[2025-09-02 10:24:33] ⚠️ 병합 충돌 상태 감지
[2025-09-02 10:24:33] ✅ Git 상태 확인 완료
[2025-09-02 10:26:25] 🔧 Git 배포 관리자 초기화 완료 (스탠드얼론)
[2025-09-02 10:26:25] 🔧 Git 배포 관리자 초기화 완료 (스탠드얼론)
[2025-09-02 10:26:25] 🔧 Git 배포 관리자 초기화 완료 (스탠드얼론)
[2025-09-02 10:26:25] 🔍 Git 상태 확인 시작...
[2025-09-02 10:26:25] 📍 현재 브랜치: publish
[2025-09-02 10:26:25] ⚠️ 커밋되지 않은 변경사항 발견: 10
[2025-09-02 10:26:25] ⚠️ 병합 충돌 상태 감지
[2025-09-02 10:26:26] ✅ Git 상태 확인 완료
[2025-09-02 10:26:30] 🔍 Git 상태 확인 시작...
[2025-09-02 10:26:30] 📍 현재 브랜치: publish
[2025-09-02 10:26:30] ⚠️ 커밋되지 않은 변경사항 발견: 10
[2025-09-02 10:26:30] ⚠️ 병합 충돌 상태 감지
[2025-09-02 10:26:30] ✅ Git 상태 확인 완료
[2025-09-02 14:57:25] 🔧 Git 배포 관리자 초기화 완료 (스탠드얼론)
[2025-09-02 14:57:25] 🔧 Git 배포 관리자 초기화 완료 (스탠드얼론)
[2025-09-02 14:57:25] 🔧 Git 배포 관리자 초기화 완료 (스탠드얼론)
[2025-09-02 14:57:37] 🔧 Git 배포 관리자 초기화 완료 (스탠드얼론)
[2025-09-02 14:57:57] 🔧 Git 배포 관리자 초기화 완료 (스탠드얼론)
[2025-09-02 14:57:57] 🔧 Git 배포 관리자 초기화 완료 (스탠드얼론)
[2025-09-23 11:00:31] 🔧 Git 배포 관리자 초기화 완료 (스탠드얼론)
[2025-09-23 11:00:35] 🔧 Git 배포 관리자 초기화 완료 (스탠드얼론)
[2025-09-23 11:00:35] 🔧 Git 배포 관리자 초기화 완료 (스탠드얼론)
[2025-09-23 11:03:30] 🔧 Git 배포 관리자 초기화 완료 (스탠드얼론)
[2025-09-23 11:05:03] 🔧 Git 배포 관리자 초기화 완료 (스탠드얼론)
[2025-09-23 11:06:17] 🔧 Git 배포 관리자 초기화 완료 (스탠드얼론)
[2025-09-23 11:06:37] 🔧 Git 배포 관리자 초기화 완료 (스탠드얼론)
[2025-09-23 11:08:21] 🔧 Git 배포 관리자 초기화 완료 (스탠드얼론)
[2025-09-23 11:08:42] 🔧 Git 배포 관리자 초기화 완료 (스탠드얼론)
[2025-09-23 11:09:02] 🔧 Git 배포 관리자 초기화 완료 (스탠드얼론)
[2025-09-23 11:11:19] 🔧 Git 배포 관리자 초기화 완료 (스탠드얼론)
[2025-09-23 11:11:58] 🔧 Git 배포 관리자 초기화 완료 (스탠드얼론)
[2025-09-23 11:12:33] 🔧 Git 배포 관리자 초기화 완료 (스탠드얼론)
[2025-09-23 11:22:55] 🔧 Git 배포 관리자 초기화 완료 (스탠드얼론)
[2025-09-23 11:23:33] 🔧 Git 배포 관리자 초기화 완료 (스탠드얼론)
[2025-09-23 11:28:29] 🔧 Git 배포 관리자 초기화 완료 (스탠드얼론)
[2025-09-23 11:32:07] 🔧 Git 배포 관리자 초기화 완료 (스탠드얼론)
[2025-09-23 11:33:03] 🔧 Git 배포 관리자 초기화 완료 (스탠드얼론)
[2025-09-23 13:04:50] 🔧 Git 배포 관리자 초기화 완료 (스탠드얼론)
[2025-09-23 13:05:06] 🔧 Git 배포 관리자 초기화 완료 (스탠드얼론)
[2025-10-01 14:08:02] 🔧 Git 배포 관리자 초기화 완료 (스탠드얼론)
[2025-10-01 14:08:02] 🔧 Git 배포 관리자 초기화 완료 (스탠드얼론)
[2025-10-01 14:08:02] 🔧 Git 배포 관리자 초기화 완료 (스탠드얼론)
[2025-10-01 14:08:03] 🔍 Git 상태 확인 시작...
[2025-10-01 14:08:03] 📍 현재 브랜치: main
[2025-10-01 14:08:03] ⚠️ 커밋되지 않은 변경사항 발견: 36
[2025-10-01 14:08:03] ⚠️ 병합 충돌 상태 감지
[2025-10-01 14:08:04] ✅ Git 상태 확인 완료
[2025-10-01 14:08:41] 🔧 Git 배포 관리자 초기화 완료 (스탠드얼론)
[2025-10-01 14:08:41] 🔧 Git 배포 관리자 초기화 완료 (스탠드얼론)
[2025-10-01 14:08:41] 🔧 Git 배포 관리자 초기화 완료 (스탠드얼론)
[2025-10-01 14:08:42] 🔍 Git 상태 확인 시작...
[2025-10-01 14:08:42] 📍 현재 브랜치: main
[2025-10-01 14:08:42] ⚠️ 커밋되지 않은 변경사항 발견: 324
[2025-10-01 14:08:42] ⚠️ 병합 충돌 상태 감지
[2025-10-01 14:08:43] ✅ Git 상태 확인 완료
[2025-10-01 14:14:11] 🔧 Git 배포 관리자 초기화 완료 (스탠드얼론)
[2025-10-01 14:14:11] 🔧 Git 배포 관리자 초기화 완료 (스탠드얼론)
[2025-10-01 14:14:11] 🔧 Git 배포 관리자 초기화 완료 (스탠드얼론)
[2025-10-01 14:14:12] 🔍 Git 상태 확인 시작...
[2025-10-01 14:14:12] 📍 현재 브랜치: main
[2025-10-01 14:14:12] ⚠️ 커밋되지 않은 변경사항 발견: 1012
[2025-10-01 14:14:12] ⚠️ 병합 충돌 상태 감지
[2025-10-01 14:14:13] ✅ Git 상태 확인 완료
[2025-10-01 14:14:44] 🔧 Git 배포 관리자 초기화 완료 (스탠드얼론)
[2025-10-01 14:14:44] 🔧 Git 배포 관리자 초기화 완료 (스탠드얼론)
[2025-10-01 14:14:44] 🔧 Git 배포 관리자 초기화 완료 (스탠드얼론)
[2025-10-01 14:14:45] 🔍 Git 상태 확인 시작...
[2025-10-01 14:14:45] 📍 현재 브랜치: main
[2025-10-01 14:14:46] ⚠️ 커밋되지 않은 변경사항 발견: 6548
[2025-10-01 14:14:46] ⚠️ 병합 충돌 상태 감지
[2025-10-01 14:14:47] ✅ Git 상태 확인 완료
[2025-10-01 14:15:08] 🔧 Git 배포 관리자 초기화 완료 (스탠드얼론)
[2025-10-01 14:15:08] 🔧 Git 배포 관리자 초기화 완료 (스탠드얼론)
[2025-10-01 14:15:08] 🔧 Git 배포 관리자 초기화 완료 (스탠드얼론)
[2025-10-01 14:15:10] 🔍 Git 상태 확인 시작...
[2025-10-01 14:15:10] 📍 현재 브랜치: main
[2025-10-01 14:15:11] ⚠️ 커밋되지 않은 변경사항 발견: 6550
[2025-10-01 14:15:11] ⚠️ 병합 충돌 상태 감지
[2025-10-01 14:15:12] ✅ Git 상태 확인 완료
[2025-10-01 14:16:26] 🔧 Git 배포 관리자 초기화 완료 (스탠드얼론)
[2025-10-01 14:16:26] 🔧 Git 배포 관리자 초기화 완료 (스탠드얼론)
[2025-10-01 14:16:26] 🔧 Git 배포 관리자 초기화 완료 (스탠드얼론)
[2025-10-01 14:16:27] 🔍 Git 상태 확인 시작...
[2025-10-01 14:16:27] 📍 현재 브랜치: main
[2025-10-01 14:16:28] ⚠️ 커밋되지 않은 변경사항 발견: 6558
[2025-10-01 14:16:28] ⚠️ 병합 충돌 상태 감지
[2025-10-01 14:16:29] ✅ Git 상태 확인 완료
