[2025-09-02 10:22:03] 🔧 통합 배포 시스템 초기화 완료 (스탠드얼론)
[2025-09-02 10:22:03] ❌ 세션 저장 실패: Object of type DeploymentStatus is not JSON serializable
[2025-09-02 10:22:03] ❌ 세션 로드 실패: Expecting value: line 6 column 15 (char 160)
[2025-09-02 10:22:03] ❌ 세션 저장 실패: Object of type DeploymentStatus is not JSON serializable
[2025-09-02 10:22:03] ❌ 세션 로드 실패: Expecting value: line 6 column 15 (char 160)
[2025-09-02 10:24:33] 🚀 통합 배포 시스템 실행 시작...
[2025-09-02 10:24:33] 📊 배포 모니터링 시작
[2025-09-02 10:24:33] 📋 배포 세션 시작: deploy_20250902_102433
[2025-09-02 10:24:33] ❌ 세션 로드 실패: Expecting value: line 6 column 15 (char 160)
[2025-09-02 10:24:33] ❌ 세션 저장 실패: Object of type DeploymentStatus is not JSON serializable
[2025-09-02 10:24:33] ❌ 세션 로드 실패: Expecting value: line 6 column 15 (char 160)
[2025-09-02 10:24:33] ❌ 세션 저장 실패: Object of type DeploymentStatus is not JSON serializable
[2025-09-02 10:24:33] ❌ 통합 배포 중 오류: 해결되지 않은 Git 충돌이 있습니다
[2025-09-02 10:24:35] 📊 배포 모니터링 중지
[2025-09-02 10:24:35] ❌ 세션 로드 실패: Expecting value: line 6 column 15 (char 160)
[2025-09-02 10:24:35] ❌ 세션 저장 실패: Object of type DeploymentStatus is not JSON serializable
[2025-09-02 10:24:35] ❌ 세션 로드 실패: Expecting value: line 6 column 15 (char 184)
[2025-09-02 10:26:25] 🔧 통합 배포 시스템 초기화 완료 (스탠드얼론)
[2025-09-02 10:26:25] ❌ 세션 로드 실패: Expecting value: line 6 column 15 (char 184)
[2025-09-02 10:26:30] 🚀 통합 배포 시스템 실행 시작...
[2025-09-02 10:26:30] 📊 배포 모니터링 시작
[2025-09-02 10:26:30] 📋 배포 세션 시작: deploy_20250902_102630
[2025-09-02 10:26:30] ❌ 통합 배포 중 오류: 해결되지 않은 Git 충돌이 있습니다
[2025-09-02 10:26:32] 📊 배포 모니터링 중지
[2025-09-02 14:57:25] 🔧 통합 배포 시스템 초기화 완료 (스탠드얼론)
[2025-09-02 14:57:57] 🔧 통합 배포 시스템 초기화 완료 (스탠드얼론)
[2025-10-01 14:08:02] 🔧 통합 배포 시스템 초기화 완료 (스탠드얼론)
[2025-10-01 14:08:41] 🔧 통합 배포 시스템 초기화 완료 (스탠드얼론)
[2025-10-01 14:14:11] 🔧 통합 배포 시스템 초기화 완료 (스탠드얼론)
[2025-10-01 14:14:44] 🔧 통합 배포 시스템 초기화 완료 (스탠드얼론)
[2025-10-01 14:15:08] 🔧 통합 배포 시스템 초기화 완료 (스탠드얼론)
[2025-10-01 14:16:26] 🔧 통합 배포 시스템 초기화 완료 (스탠드얼론)
