[2025-07-27 20:16:57] 🛑 감시 햄스터 👁️ 중단 요청 받음
[2025-07-27 20:22:06] 🐹 POSCO 뉴스 모니터 워치햄스터 🛡️ 시작
[2025-07-27 20:22:07] ✅ 알림 전송 성공: 🐹 POSCO 모니터 워치햄스터 🛡️ 시작
[2025-07-27 20:22:09] 🔍 Git 업데이트 체크 중...
[2025-07-27 20:22:10] ✅ Git 저장소 최신 상태
[2025-07-27 20:22:25] 🛑 워치햄스터 🛡️ 중단 요청 받음
[2025-07-27 20:22:25] ✅ 알림 전송 성공: 🛑 POSCO 모니터 워치햄스터 🛡️ 중단
[2025-07-27 20:22:41] 🐹 POSCO 뉴스 모니터 워치햄스터 🛡️ 시작
[2025-07-27 20:22:42] ✅ 알림 전송 성공: 🐹 POSCO 모니터 워치햄스터 🛡️ 시작
[2025-07-27 20:22:44] 🔍 Git 업데이트 체크 중...
[2025-07-27 20:22:45] ✅ Git 저장소 최신 상태
[2025-07-27 20:33:14] POSCO 뉴스 모니터 워치햄스터 시작
[2025-07-27 20:33:15] ✅ 알림 전송 성공: 🐹 POSCO 모니터 워치햄스터 🛡️ 시작
[2025-07-27 20:33:17] 🔍 Git 업데이트 체크 중...
[2025-07-27 20:33:18] ✅ Git 저장소 최신 상태
[2025-07-27 20:33:43] 🛑 워치햄스터 🛡️ 중단 요청 받음
[2025-07-27 20:33:56] 🛑 워치햄스터 🛡️ 중단 요청 받음
[2025-07-27 20:33:56] ✅ 알림 전송 성공: 🛑 POSCO 모니터 워치햄스터 🛡️ 중단
[2025-07-27 20:45:35] POSCO 뉴스 모니터 워치햄스터 시작
[2025-07-27 20:45:35] ✅ 알림 전송 성공: 🐹 POSCO 모니터 워치햄스터 🛡️ 시작
[2025-07-27 20:45:37] 🔍 Git 업데이트 체크 중...
[2025-07-27 20:45:38] ✅ Git 저장소 최신 상태
[2025-07-27 21:46:03] 🔍 Git 업데이트 체크 중...
[2025-07-27 21:46:04] ✅ Git 저장소 최신 상태
[2025-07-27 22:46:30] 🔍 Git 업데이트 체크 중...
[2025-07-27 22:46:31] ✅ Git 저장소 최신 상태
[2025-07-27 23:46:56] 🔍 Git 업데이트 체크 중...
[2025-07-27 23:46:57] ✅ Git 저장소 최신 상태
[2025-07-28 00:47:22] 🔍 Git 업데이트 체크 중...
[2025-07-28 00:47:23] ✅ Git 저장소 최신 상태
[2025-07-28 01:47:48] 🔍 Git 업데이트 체크 중...
[2025-07-28 01:47:49] ✅ Git 저장소 최신 상태
[2025-07-28 02:48:15] 🔍 Git 업데이트 체크 중...
[2025-07-28 02:48:16] ✅ Git 저장소 최신 상태
[2025-07-28 03:48:41] 🔍 Git 업데이트 체크 중...
[2025-07-28 03:48:42] ✅ Git 저장소 최신 상태
[2025-07-28 04:49:07] 🔍 Git 업데이트 체크 중...
[2025-07-28 04:49:08] ✅ Git 저장소 최신 상태
[2025-07-28 05:49:33] 🔍 Git 업데이트 체크 중...
[2025-07-28 05:49:34] ✅ Git 저장소 최신 상태
[2025-07-28 06:49:59] 🔍 Git 업데이트 체크 중...
[2025-07-28 06:50:00] ✅ Git 저장소 최신 상태
[2025-07-28 07:50:25] 🔍 Git 업데이트 체크 중...
[2025-07-28 07:50:26] ✅ Git 저장소 최신 상태
[2025-07-28 08:50:52] 🔍 Git 업데이트 체크 중...
[2025-07-28 08:50:53] ✅ Git 저장소 최신 상태
[2025-07-28 09:51:18] 🔍 Git 업데이트 체크 중...
[2025-07-28 09:51:19] ✅ Git 저장소 최신 상태
