[2025-09-23 13:10:34] [INFO] 🔧 배포 모니터링 시스템 초기화 완료 (스탠드얼론)
[2025-09-23 13:10:34] [INFO] 📊 배포 모니터링 시작: test_session_20250923_131034
[2025-09-23 13:10:34] [INFO] 📍 배포 단계 시작: Pre Check
[2025-09-23 13:10:34] [INFO] 📍 배포 단계 시작: Html Generation
[2025-09-23 13:10:34] [INFO] 📍 배포 단계 시작: Branch Switch
[2025-09-23 13:10:34] [INFO] 📍 배포 단계 시작: Push Remote
[2025-09-23 13:10:34] [INFO] 💾 배포 메트릭 저장 완료: test_session_20250923_131034
[2025-09-23 13:10:34] [INFO] ✅ 배포 모니터링 완료: test_session_20250923_131034 (소요시간: 0.43초)
[2025-09-23 13:10:35] [INFO] 📊 배포 모니터링 시작: callback_test_131035
[2025-09-23 13:10:35] [INFO] 📍 배포 단계 시작: Pre Check
[2025-09-23 13:10:35] [INFO] 💾 배포 메트릭 저장 완료: callback_test_131035
[2025-09-23 13:10:35] [INFO] ✅ 배포 모니터링 완료: callback_test_131035 (소요시간: 0.11초)
[2025-09-23 13:10:36] [INFO] 📊 배포 모니터링 시작: error_test_1
[2025-09-23 13:10:36] [WARNING] ⚠️ 이미 모니터링이 진행 중입니다
[2025-09-23 13:10:36] [INFO] 💾 배포 메트릭 저장 완료: error_test_1
[2025-09-23 13:10:36] [INFO] ✅ 배포 모니터링 완료: error_test_1 (소요시간: 0.00초)
[2025-09-23 13:10:37] [WARNING] ⚠️ 활성 배포 세션이 없습니다
[2025-09-23 13:12:07] [INFO] 🔧 배포 모니터링 시스템 초기화 완료 (스탠드얼론)
[2025-09-23 13:12:07] [INFO] 📊 배포 모니터링 시작: integrated_deploy_20250923_131207
[2025-09-23 13:12:07] [INFO] 📍 배포 단계 시작: Pre Check
[2025-09-23 13:12:09] [INFO] 📍 배포 단계 시작: Backup
[2025-09-23 13:12:12] [INFO] 📍 배포 단계 시작: Html Generation
[2025-09-23 13:12:17] [INFO] 📍 배포 단계 시작: Branch Switch
[2025-09-23 13:12:20] [INFO] 📍 배포 단계 시작: Merge Changes
[2025-09-23 13:12:24] [INFO] 📍 배포 단계 시작: Commit Changes
[2025-09-23 13:12:26] [INFO] 📍 배포 단계 시작: Push Remote
[2025-09-23 13:12:34] [INFO] 📍 배포 단계 시작: Verify Pages
[2025-09-23 13:12:44] [INFO] 📍 배포 단계 시작: Send Notification
[2025-09-23 13:12:46] [INFO] 📍 배포 단계 시작: Cleanup
[2025-09-23 13:12:47] [INFO] 💾 배포 메트릭 저장 완료: integrated_deploy_20250923_131207
[2025-09-23 13:12:47] [INFO] ✅ 배포 모니터링 완료: integrated_deploy_20250923_131207 (소요시간: 40.39초)
[2025-09-23 13:12:48] [INFO] 📊 배포 모니터링 시작: quick_deploy_131248
[2025-09-23 13:12:48] [INFO] 📍 배포 단계 시작: Pre Check
[2025-09-23 13:12:48] [INFO] 📍 배포 단계 시작: Html Generation
[2025-09-23 13:12:49] [INFO] 📍 배포 단계 시작: Push Remote
[2025-09-23 13:12:49] [INFO] 💾 배포 메트릭 저장 완료: quick_deploy_131248
[2025-09-23 13:12:49] [INFO] ✅ 배포 모니터링 완료: quick_deploy_131248 (소요시간: 1.52초)
[2025-09-23 13:19:12] [INFO] 🔧 배포 모니터링 시스템 초기화 완료 (스탠드얼론)
[2025-09-23 13:27:43] [INFO] 🔧 배포 모니터링 시스템 초기화 완료 (스탠드얼론)
[2025-09-23 13:27:43] [INFO] 📊 배포 모니터링 시작: content_test_session
[2025-09-23 13:27:43] [INFO] 📍 배포 단계 시작: Pre Check
[2025-09-23 13:27:43] [INFO] 💾 배포 메트릭 저장 완료: content_test_session
[2025-09-23 13:27:43] [INFO] ✅ 배포 모니터링 완료: content_test_session (소요시간: 0.00초)
[2025-09-23 13:31:25] [INFO] 🔧 배포 모니터링 시스템 초기화 완료 (스탠드얼론)
[2025-09-23 13:31:25] [INFO] 📊 배포 모니터링 시작: extreme_verification_test
[2025-09-23 13:31:25] [INFO] 📍 배포 단계 시작: Pre Check
[2025-09-23 13:31:25] [INFO] 📍 배포 단계 시작: Html Generation
[2025-09-23 13:31:25] [INFO] 📍 배포 단계 시작: Push Remote
[2025-09-23 13:31:25] [INFO] 💾 배포 메트릭 저장 완료: extreme_verification_test
[2025-09-23 13:31:25] [INFO] ✅ 배포 모니터링 완료: extreme_verification_test (소요시간: 0.32초)
[2025-09-23 13:32:45] [INFO] 🔧 배포 모니터링 시스템 초기화 완료 (스탠드얼론)
[2025-09-23 13:32:45] [INFO] 📊 배포 모니터링 시작: final_integration_test
[2025-09-23 13:32:45] [INFO] 📍 배포 단계 시작: Pre Check
[2025-09-23 13:32:45] [INFO] 📍 배포 단계 시작: Backup
[2025-09-23 13:32:45] [INFO] 📍 배포 단계 시작: Html Generation
[2025-09-23 13:32:45] [INFO] 📍 배포 단계 시작: Branch Switch
[2025-09-23 13:32:45] [INFO] 📍 배포 단계 시작: Merge Changes
[2025-09-23 13:32:45] [INFO] 📍 배포 단계 시작: Commit Changes
[2025-09-23 13:32:45] [INFO] 📍 배포 단계 시작: Push Remote
[2025-09-23 13:32:45] [INFO] 📍 배포 단계 시작: Verify Pages
[2025-09-23 13:32:45] [INFO] 📍 배포 단계 시작: Send Notification
[2025-09-23 13:32:46] [INFO] 📍 배포 단계 시작: Cleanup
[2025-09-23 13:32:46] [INFO] 💾 배포 메트릭 저장 완료: final_integration_test
[2025-09-23 13:32:46] [INFO] ✅ 배포 모니터링 완료: final_integration_test (소요시간: 0.56초)
