2025-08-16 12:34:32,566 - INFO - 🐹 POSCO 워치햄스터 모니터링 시스템 초기화 완료
2025-08-16 12:34:32,566 - INFO - 🐹 POSCO 워치햄스터 모니터링 시스템 초기화 완료
2025-08-16 12:34:32,566 - INFO - 🔍 프로세스 감시 알고리즘 시작
2025-08-16 12:34:32,654 - INFO - 📊 프로세스 감시 완료: 0/2 정상
2025-08-16 12:34:33,989 - INFO - 🐹 POSCO 워치햄스터 모니터링 시스템 초기화 완료
2025-08-16 12:34:34,997 - INFO - 📊 시스템 리소스 모니터링 완료: warning
2025-08-16 12:34:34,998 - INFO - 🐹 POSCO 워치햄스터 모니터링 시스템 초기화 완료
2025-08-16 12:34:34,998 - INFO - 📝 동적 알림 메시지 생성 완료: status
2025-08-16 12:37:05,606 - INFO - 🐹 POSCO 워치햄스터 모니터링 시스템 초기화 완료
2025-08-16 12:37:05,606 - INFO - 🐹 POSCO 워치햄스터 모니터링 시스템 초기화 완료
2025-08-16 12:37:05,606 - INFO - 🔍 프로세스 감시 알고리즘 시작
2025-08-16 12:37:05,691 - INFO - 📊 프로세스 감시 완료: 0/2 정상
2025-08-16 12:37:07,036 - INFO - 🐹 POSCO 워치햄스터 모니터링 시스템 초기화 완료
2025-08-16 12:37:08,038 - INFO - 📊 시스템 리소스 모니터링 완료: warning
2025-08-16 12:37:09,108 - INFO - 🐹 POSCO 워치햄스터 모니터링 시스템 초기화 완료
2025-08-16 12:37:09,108 - INFO - 📝 동적 알림 메시지 생성 완료: status
2025-08-16 15:17:31,500 - INFO - 🐹 POSCO 워치햄스터 모니터링 시스템 초기화 완료
2025-08-16 15:17:31,500 - INFO - 워치햄스터 상태 알림 전송 시작
2025-08-16 15:17:31,500 - INFO - 메시지 큐에 추가됨: 20250816_151731_74dc12de (우선순위: NORMAL)
2025-08-16 15:17:31,676 - INFO - 메시지 전송 성공: 20250816_151731_74dc12de (0.071초)
2025-08-16 15:18:32,823 - INFO - 워치햄스터 상태 알림 전송 시작
2025-08-16 15:18:32,826 - INFO - 메시지 큐에 추가됨: 20250816_151832_8677622b (우선순위: NORMAL)
2025-08-16 15:18:32,826 - INFO - 웹훅 전송 시스템 종료 시작
2025-08-16 15:18:32,826 - INFO - 큐에 남은 메시지 1개 처리 대기 중... (최대 5초)
